This is pdfeTeX, Version 3.141592-1.21a-2.2 (Web2C 7.5.4) (format=pdflatex 2006.5.26)  9 MAY 2008 20:33
entering extended mode
**\nonstopmode\input{UsingCompositions.tex}
(./UsingCompositions.tex (/usr/share/texmf/tex/latex/base/article.cls
Document Class: article 2004/02/16 v1.4f Standard LaTeX document class
(/usr/share/texmf/tex/latex/base/size10.clo
File: size10.clo 2004/02/16 v1.4f Standard LaTeX file (size option)
)
\c@part=\count79
\c@section=\count80
\c@subsection=\count81
\c@subsubsection=\count82
\c@paragraph=\count83
\c@subparagraph=\count84
\c@figure=\count85
\c@table=\count86
\abovecaptionskip=\skip41
\belowcaptionskip=\skip42
\bibindent=\dimen102
)
(/usr/share/texmf/tex/latex/ntgclass/a4.sty
Package: a4 2004/04/15 v1.2g A4 based page layout
) (./UsingCompositions.aux)
\openout1 = `UsingCompositions.aux'.

LaTeX Font Info:    Checking defaults for OML/cmm/m/it on input line 8.
LaTeX Font Info:    ... okay on input line 8.
LaTeX Font Info:    Checking defaults for T1/cmr/m/n on input line 8.
LaTeX Font Info:    ... okay on input line 8.
LaTeX Font Info:    Checking defaults for OT1/cmr/m/n on input line 8.
LaTeX Font Info:    ... okay on input line 8.
LaTeX Font Info:    Checking defaults for OMS/cmsy/m/n on input line 8.
LaTeX Font Info:    ... okay on input line 8.
LaTeX Font Info:    Checking defaults for OMX/cmex/m/n on input line 8.
LaTeX Font Info:    ... okay on input line 8.
LaTeX Font Info:    Checking defaults for U/cmr/m/n on input line 8.
LaTeX Font Info:    ... okay on input line 8.
LaTeX Font Info:    External font `cmex10' loaded for size
(Font)              <12> on input line 9.
LaTeX Font Info:    External font `cmex10' loaded for size
(Font)              <8> on input line 9.
LaTeX Font Info:    External font `cmex10' loaded for size
(Font)              <6> on input line 9.
LaTeX Font Info:    Try loading font information for OMS+cmr on input line 46.

(/usr/share/texmf/tex/latex/base/omscmr.fd
File: omscmr.fd 1999/05/25 v2.5h Standard LaTeX font definitions
)
LaTeX Font Info:    Font shape `OMS/cmr/m/n' in size <10> not available
(Font)              Font shape `OMS/cmsy/m/n' tried instead on input line 46.
 [1

{/var/lib/texmf/fonts/map/pdftex/updmap/pdftex.map
Warning: pdflatex (file /var/lib/texmf/fonts/map/pdftex/updmap/pdftex.map): inv
alid entry for `jgtu10': too big value of ExtendFont (2)

Warning: pdflatex (file /var/lib/texmf/fonts/map/pdftex/updmap/pdftex.map): inv
alid entry for `jgtuo10': too big value of ExtendFont (2)

Warning: pdflatex (file /var/lib/texmf/fonts/map/pdftex/updmap/pdftex.map): inv
alid entry for `jmju10': too big value of ExtendFont (2)

Warning: pdflatex (file /var/lib/texmf/fonts/map/pdftex/updmap/pdftex.map): inv
alid entry for `jmjuo10': too big value of ExtendFont (2)

Warning: pdflatex (file /var/lib/texmf/fonts/map/pdftex/updmap/pdftex.map): inv
alid entry for `jnvu10': too big value of ExtendFont (2)

Warning: pdflatex (file /var/lib/texmf/fonts/map/pdftex/updmap/pdftex.map): inv
alid entry for `jnvuo10': too big value of ExtendFont (2)

Warning: pdflatex (file /var/lib/texmf/fonts/map/pdftex/updmap/pdftex.map): inv
alid entry for `jsru10': too big value of ExtendFont (2)

Warning: pdflatex (file /var/lib/texmf/fonts/map/pdftex/updmap/pdftex.map): inv
alid entry for `jsruo10': too big value of ExtendFont (2)

Warning: pdflatex (file /var/lib/texmf/fonts/map/pdftex/updmap/pdftex.map): inv
alid entry for `ubmu10': too big value of ExtendFont (2)

Warning: pdflatex (file /var/lib/texmf/fonts/map/pdftex/updmap/pdftex.map): inv
alid entry for `ubmu11': too big value of ExtendFont (2)

Warning: pdflatex (file /var/lib/texmf/fonts/map/pdftex/updmap/pdftex.map): inv
alid entry for `ubmu12': too big value of ExtendFont (2)

Warning: pdflatex (file /var/lib/texmf/fonts/map/pdftex/updmap/pdftex.map): inv
alid entry for `ubmu13': too big value of ExtendFont (2)

Warning: pdflatex (file /var/lib/texmf/fonts/map/pdftex/updmap/pdftex.map): inv
alid entry for `ubmuo10': too big value of ExtendFont (2)

Warning: pdflatex (file /var/lib/texmf/fonts/map/pdftex/updmap/pdftex.map): inv
alid entry for `ubmuo11': too big value of ExtendFont (2)

Warning: pdflatex (file /var/lib/texmf/fonts/map/pdftex/updmap/pdftex.map): inv
alid entry for `ubmuo12': too big value of ExtendFont (2)

Warning: pdflatex (file /var/lib/texmf/fonts/map/pdftex/updmap/pdftex.map): inv
alid entry for `ubmuo13': too big value of ExtendFont (2)

Warning: pdflatex (file /var/lib/texmf/fonts/map/pdftex/updmap/pdftex.map): inv
alid entry for `ugrbu02': too big value of ExtendFont (2)

Warning: pdflatex (file /var/lib/texmf/fonts/map/pdftex/updmap/pdftex.map): inv
alid entry for `ugrbu05': too big value of ExtendFont (2)

Warning: pdflatex (file /var/lib/texmf/fonts/map/pdftex/updmap/pdftex.map): inv
alid entry for `ugrbu10': too big value of ExtendFont (2)

Warning: pdflatex (file /var/lib/texmf/fonts/map/pdftex/updmap/pdftex.map): inv
alid entry for `ugrbu11': too big value of ExtendFont (2)

Warning: pdflatex (file /var/lib/texmf/fonts/map/pdftex/updmap/pdftex.map): inv
alid entry for `ugrbu12': too big value of ExtendFont (2)

Warning: pdflatex (file /var/lib/texmf/fonts/map/pdftex/updmap/pdftex.map): inv
alid entry for `ugrbu13': too big value of ExtendFont (2)

Warning: pdflatex (file /var/lib/texmf/fonts/map/pdftex/updmap/pdftex.map): inv
alid entry for `ugrbu14': too big value of ExtendFont (2)

Warning: pdflatex (file /var/lib/texmf/fonts/map/pdftex/updmap/pdftex.map): inv
alid entry for `ugrbu15': too big value of ExtendFont (2)

Warning: pdflatex (file /var/lib/texmf/fonts/map/pdftex/updmap/pdftex.map): inv
alid entry for `ugrbu16': too big value of ExtendFont (2)

Warning: pdflatex (file /var/lib/texmf/fonts/map/pdftex/updmap/pdftex.map): inv
alid entry for `ugrbu17': too big value of ExtendFont (2)

Warning: pdflatex (file /var/lib/texmf/fonts/map/pdftex/updmap/pdftex.map): inv
alid entry for `ugrbu18': too big value of ExtendFont (2)

Warning: pdflatex (file /var/lib/texmf/fonts/map/pdftex/updmap/pdftex.map): inv
alid entry for `ugrbuo02': too big value of ExtendFont (2)

Warning: pdflatex (file /var/lib/texmf/fonts/map/pdftex/updmap/pdftex.map): inv
alid entry for `ugrbuo05': too big value of ExtendFont (2)

Warning: pdflatex (file /var/lib/texmf/fonts/map/pdftex/updmap/pdftex.map): inv
alid entry for `ugrbuo10': too big value of ExtendFont (2)

Warning: pdflatex (file /var/lib/texmf/fonts/map/pdftex/updmap/pdftex.map): inv
alid entry for `ugrbuo11': too big value of ExtendFont (2)

Warning: pdflatex (file /var/lib/texmf/fonts/map/pdftex/updmap/pdftex.map): inv
alid entry for `ugrbuo12': too big value of ExtendFont (2)

Warning: pdflatex (file /var/lib/texmf/fonts/map/pdftex/updmap/pdftex.map): inv
alid entry for `ugrbuo13': too big value of ExtendFont (2)

Warning: pdflatex (file /var/lib/texmf/fonts/map/pdftex/updmap/pdftex.map): inv
alid entry for `ugrbuo14': too big value of ExtendFont (2)

Warning: pdflatex (file /var/lib/texmf/fonts/map/pdftex/updmap/pdftex.map): inv
alid entry for `ugrbuo15': too big value of ExtendFont (2)

Warning: pdflatex (file /var/lib/texmf/fonts/map/pdftex/updmap/pdftex.map): inv
alid entry for `ugrbuo16': too big value of ExtendFont (2)

Warning: pdflatex (file /var/lib/texmf/fonts/map/pdftex/updmap/pdftex.map): inv
alid entry for `ugrbuo17': too big value of ExtendFont (2)

Warning: pdflatex (file /var/lib/texmf/fonts/map/pdftex/updmap/pdftex.map): inv
alid entry for `ugrbuo18': too big value of ExtendFont (2)

Warning: pdflatex (file /var/lib/texmf/fonts/map/pdftex/updmap/pdftex.map): inv
alid entry for `ugru02': too big value of ExtendFont (2)

Warning: pdflatex (file /var/lib/texmf/fonts/map/pdftex/updmap/pdftex.map): inv
alid entry for `ugru05': too big value of ExtendFont (2)

Warning: pdflatex (file /var/lib/texmf/fonts/map/pdftex/updmap/pdftex.map): inv
alid entry for `ugru10': too big value of ExtendFont (2)

Warning: pdflatex (file /var/lib/texmf/fonts/map/pdftex/updmap/pdftex.map): inv
alid entry for `ugru11': too big value of ExtendFont (2)

Warning: pdflatex (file /var/lib/texmf/fonts/map/pdftex/updmap/pdftex.map): inv
alid entry for `ugru12': too big value of ExtendFont (2)

Warning: pdflatex (file /var/lib/texmf/fonts/map/pdftex/updmap/pdftex.map): inv
alid entry for `ugru13': too big value of ExtendFont (2)

Warning: pdflatex (file /var/lib/texmf/fonts/map/pdftex/updmap/pdftex.map): inv
alid entry for `ugru14': too big value of ExtendFont (2)

Warning: pdflatex (file /var/lib/texmf/fonts/map/pdftex/updmap/pdftex.map): inv
alid entry for `ugru15': too big value of ExtendFont (2)

Warning: pdflatex (file /var/lib/texmf/fonts/map/pdftex/updmap/pdftex.map): inv
alid entry for `ugru16': too big value of ExtendFont (2)

Warning: pdflatex (file /var/lib/texmf/fonts/map/pdftex/updmap/pdftex.map): inv
alid entry for `ugru17': too big value of ExtendFont (2)

Warning: pdflatex (file /var/lib/texmf/fonts/map/pdftex/updmap/pdftex.map): inv
alid entry for `ugru18': too big value of ExtendFont (2)

Warning: pdflatex (file /var/lib/texmf/fonts/map/pdftex/updmap/pdftex.map): inv
alid entry for `ugruo02': too big value of ExtendFont (2)

Warning: pdflatex (file /var/lib/texmf/fonts/map/pdftex/updmap/pdftex.map): inv
alid entry for `ugruo05': too big value of ExtendFont (2)

Warning: pdflatex (file /var/lib/texmf/fonts/map/pdftex/updmap/pdftex.map): inv
alid entry for `ugruo10': too big value of ExtendFont (2)

Warning: pdflatex (file /var/lib/texmf/fonts/map/pdftex/updmap/pdftex.map): inv
alid entry for `ugruo11': too big value of ExtendFont (2)

Warning: pdflatex (file /var/lib/texmf/fonts/map/pdftex/updmap/pdftex.map): inv
alid entry for `ugruo12': too big value of ExtendFont (2)

Warning: pdflatex (file /var/lib/texmf/fonts/map/pdftex/updmap/pdftex.map): inv
alid entry for `ugruo13': too big value of ExtendFont (2)

Warning: pdflatex (file /var/lib/texmf/fonts/map/pdftex/updmap/pdftex.map): inv
alid entry for `ugruo14': too big value of ExtendFont (2)

Warning: pdflatex (file /var/lib/texmf/fonts/map/pdftex/updmap/pdftex.map): inv
alid entry for `ugruo15': too big value of ExtendFont (2)

Warning: pdflatex (file /var/lib/texmf/fonts/map/pdftex/updmap/pdftex.map): inv
alid entry for `ugruo16': too big value of ExtendFont (2)

Warning: pdflatex (file /var/lib/texmf/fonts/map/pdftex/updmap/pdftex.map): inv
alid entry for `ugruo17': too big value of ExtendFont (2)

Warning: pdflatex (file /var/lib/texmf/fonts/map/pdftex/updmap/pdftex.map): inv
alid entry for `ugruo18': too big value of ExtendFont (2)

Warning: pdflatex (file /var/lib/texmf/fonts/map/pdftex/updmap/pdftex.map): inv
alid entry for `ugsu02': too big value of ExtendFont (2)

Warning: pdflatex (file /var/lib/texmf/fonts/map/pdftex/updmap/pdftex.map): inv
alid entry for `ugsu05': too big value of ExtendFont (2)

Warning: pdflatex (file /var/lib/texmf/fonts/map/pdftex/updmap/pdftex.map): inv
alid entry for `ugsu10': too big value of ExtendFont (2)

Warning: pdflatex (file /var/lib/texmf/fonts/map/pdftex/updmap/pdftex.map): inv
alid entry for `ugsu11': too big value of ExtendFont (2)

Warning: pdflatex (file /var/lib/texmf/fonts/map/pdftex/updmap/pdftex.map): inv
alid entry for `ugsu12': too big value of ExtendFont (2)

Warning: pdflatex (file /var/lib/texmf/fonts/map/pdftex/updmap/pdftex.map): inv
alid entry for `ugsu13': too big value of ExtendFont (2)

Warning: pdflatex (file /var/lib/texmf/fonts/map/pdftex/updmap/pdftex.map): inv
alid entry for `ugsu14': too big value of ExtendFont (2)

Warning: pdflatex (file /var/lib/texmf/fonts/map/pdftex/updmap/pdftex.map): inv
alid entry for `ugsu15': too big value of ExtendFont (2)

Warning: pdflatex (file /var/lib/texmf/fonts/map/pdftex/updmap/pdftex.map): inv
alid entry for `ugsu20': too big value of ExtendFont (2)

Warning: pdflatex (file /var/lib/texmf/fonts/map/pdftex/updmap/pdftex.map): inv
alid entry for `ugsu21': too big value of ExtendFont (2)

Warning: pdflatex (file /var/lib/texmf/fonts/map/pdftex/updmap/pdftex.map): inv
alid entry for `ugsu22': too big value of ExtendFont (2)

Warning: pdflatex (file /var/lib/texmf/fonts/map/pdftex/updmap/pdftex.map): inv
alid entry for `ugsu23': too big value of ExtendFont (2)

Warning: pdflatex (file /var/lib/texmf/fonts/map/pdftex/updmap/pdftex.map): inv
alid entry for `ugsu24': too big value of ExtendFont (2)

Warning: pdflatex (file /var/lib/texmf/fonts/map/pdftex/updmap/pdftex.map): inv
alid entry for `ugsu25': too big value of ExtendFont (2)

Warning: pdflatex (file /var/lib/texmf/fonts/map/pdftex/updmap/pdftex.map): inv
alid entry for `ugsu26': too big value of ExtendFont (2)

Warning: pdflatex (file /var/lib/texmf/fonts/map/pdftex/updmap/pdftex.map): inv
alid entry for `ugsu27': too big value of ExtendFont (2)

Warning: pdflatex (file /var/lib/texmf/fonts/map/pdftex/updmap/pdftex.map): inv
alid entry for `ugsu28': too big value of ExtendFont (2)

Warning: pdflatex (file /var/lib/texmf/fonts/map/pdftex/updmap/pdftex.map): inv
alid entry for `ugsu29': too big value of ExtendFont (2)

Warning: pdflatex (file /var/lib/texmf/fonts/map/pdftex/updmap/pdftex.map): inv
alid entry for `ugsu30': too big value of ExtendFont (2)

Warning: pdflatex (file /var/lib/texmf/fonts/map/pdftex/updmap/pdftex.map): inv
alid entry for `ugsu31': too big value of ExtendFont (2)

Warning: pdflatex (file /var/lib/texmf/fonts/map/pdftex/updmap/pdftex.map): inv
alid entry for `ugsu32': too big value of ExtendFont (2)

Warning: pdflatex (file /var/lib/texmf/fonts/map/pdftex/updmap/pdftex.map): inv
alid entry for `ugsu33': too big value of ExtendFont (2)

Warning: pdflatex (file /var/lib/texmf/fonts/map/pdftex/updmap/pdftex.map): inv
alid entry for `ugsu34': too big value of ExtendFont (2)

Warning: pdflatex (file /var/lib/texmf/fonts/map/pdftex/updmap/pdftex.map): inv
alid entry for `ugsu35': too big value of ExtendFont (2)

Warning: pdflatex (file /var/lib/texmf/fonts/map/pdftex/updmap/pdftex.map): inv
alid entry for `ugsu36': too big value of ExtendFont (2)

Warning: pdflatex (file /var/lib/texmf/fonts/map/pdftex/updmap/pdftex.map): inv
alid entry for `ugsu37': too big value of ExtendFont (2)

Warning: pdflatex (file /var/lib/texmf/fonts/map/pdftex/updmap/pdftex.map): inv
alid entry for `ugsu38': too big value of ExtendFont (2)

Warning: pdflatex (file /var/lib/texmf/fonts/map/pdftex/updmap/pdftex.map): inv
alid entry for `ugsuo02': too big value of ExtendFont (2)

Warning: pdflatex (file /var/lib/texmf/fonts/map/pdftex/updmap/pdftex.map): inv
alid entry for `ugsuo05': too big value of ExtendFont (2)

Warning: pdflatex (file /var/lib/texmf/fonts/map/pdftex/updmap/pdftex.map): inv
alid entry for `ugsuo10': too big value of ExtendFont (2)

Warning: pdflatex (file /var/lib/texmf/fonts/map/pdftex/updmap/pdftex.map): inv
alid entry for `ugsuo11': too big value of ExtendFont (2)

Warning: pdflatex (file /var/lib/texmf/fonts/map/pdftex/updmap/pdftex.map): inv
alid entry for `ugsuo12': too big value of ExtendFont (2)

Warning: pdflatex (file /var/lib/texmf/fonts/map/pdftex/updmap/pdftex.map): inv
alid entry for `ugsuo13': too big value of ExtendFont (2)

Warning: pdflatex (file /var/lib/texmf/fonts/map/pdftex/updmap/pdftex.map): inv
alid entry for `ugsuo14': too big value of ExtendFont (2)

Warning: pdflatex (file /var/lib/texmf/fonts/map/pdftex/updmap/pdftex.map): inv
alid entry for `ugsuo15': too big value of ExtendFont (2)

Warning: pdflatex (file /var/lib/texmf/fonts/map/pdftex/updmap/pdftex.map): inv
alid entry for `ugsuo20': too big value of ExtendFont (2)

Warning: pdflatex (file /var/lib/texmf/fonts/map/pdftex/updmap/pdftex.map): inv
alid entry for `ugsuo21': too big value of ExtendFont (2)

Warning: pdflatex (file /var/lib/texmf/fonts/map/pdftex/updmap/pdftex.map): inv
alid entry for `ugsuo22': too big value of ExtendFont (2)

Warning: pdflatex (file /var/lib/texmf/fonts/map/pdftex/updmap/pdftex.map): inv
alid entry for `ugsuo23': too big value of ExtendFont (2)

Warning: pdflatex (file /var/lib/texmf/fonts/map/pdftex/updmap/pdftex.map): inv
alid entry for `ugsuo24': too big value of ExtendFont (2)

Warning: pdflatex (file /var/lib/texmf/fonts/map/pdftex/updmap/pdftex.map): inv
alid entry for `ugsuo25': too big value of ExtendFont (2)

Warning: pdflatex (file /var/lib/texmf/fonts/map/pdftex/updmap/pdftex.map): inv
alid entry for `ugsuo26': too big value of ExtendFont (2)

Warning: pdflatex (file /var/lib/texmf/fonts/map/pdftex/updmap/pdftex.map): inv
alid entry for `ugsuo27': too big value of ExtendFont (2)

Warning: pdflatex (file /var/lib/texmf/fonts/map/pdftex/updmap/pdftex.map): inv
alid entry for `ugsuo28': too big value of ExtendFont (2)

Warning: pdflatex (file /var/lib/texmf/fonts/map/pdftex/updmap/pdftex.map): inv
alid entry for `ugsuo29': too big value of ExtendFont (2)

Warning: pdflatex (file /var/lib/texmf/fonts/map/pdftex/updmap/pdftex.map): inv
alid entry for `ugsuo30': too big value of ExtendFont (2)

Warning: pdflatex (file /var/lib/texmf/fonts/map/pdftex/updmap/pdftex.map): inv
alid entry for `ugsuo31': too big value of ExtendFont (2)

Warning: pdflatex (file /var/lib/texmf/fonts/map/pdftex/updmap/pdftex.map): inv
alid entry for `ugsuo32': too big value of ExtendFont (2)

Warning: pdflatex (file /var/lib/texmf/fonts/map/pdftex/updmap/pdftex.map): inv
alid entry for `ugsuo33': too big value of ExtendFont (2)

Warning: pdflatex (file /var/lib/texmf/fonts/map/pdftex/updmap/pdftex.map): inv
alid entry for `ugsuo34': too big value of ExtendFont (2)

Warning: pdflatex (file /var/lib/texmf/fonts/map/pdftex/updmap/pdftex.map): inv
alid entry for `ugsuo35': too big value of ExtendFont (2)

Warning: pdflatex (file /var/lib/texmf/fonts/map/pdftex/updmap/pdftex.map): inv
alid entry for `ugsuo36': too big value of ExtendFont (2)

Warning: pdflatex (file /var/lib/texmf/fonts/map/pdftex/updmap/pdftex.map): inv
alid entry for `ugsuo37': too big value of ExtendFont (2)

Warning: pdflatex (file /var/lib/texmf/fonts/map/pdftex/updmap/pdftex.map): inv
alid entry for `ugsuo38': too big value of ExtendFont (2)

Warning: pdflatex (file /var/lib/texmf/fonts/map/pdftex/updmap/pdftex.map): inv
alid entry for `ugtbu00': too big value of ExtendFont (2)

Warning: pdflatex (file /var/lib/texmf/fonts/map/pdftex/updmap/pdftex.map): inv
alid entry for `ugtbu01': too big value of ExtendFont (2)

Warning: pdflatex (file /var/lib/texmf/fonts/map/pdftex/updmap/pdftex.map): inv
alid entry for `ugtbu02': too big value of ExtendFont (2)

Warning: pdflatex (file /var/lib/texmf/fonts/map/pdftex/updmap/pdftex.map): inv
alid entry for `ugtbu03': too big value of ExtendFont (2)

Warning: pdflatex (file /var/lib/texmf/fonts/map/pdftex/updmap/pdftex.map): inv
alid entry for `ugtbu05': too big value of ExtendFont (2)

Warning: pdflatex (file /var/lib/texmf/fonts/map/pdftex/updmap/pdftex.map): inv
alid entry for `ugtbu10': too big value of ExtendFont (2)

Warning: pdflatex (file /var/lib/texmf/fonts/map/pdftex/updmap/pdftex.map): inv
alid entry for `ugtbu11': too big value of ExtendFont (2)

Warning: pdflatex (file /var/lib/texmf/fonts/map/pdftex/updmap/pdftex.map): inv
alid entry for `ugtbu12': too big value of ExtendFont (2)

Warning: pdflatex (file /var/lib/texmf/fonts/map/pdftex/updmap/pdftex.map): inv
alid entry for `ugtbu13': too big value of ExtendFont (2)

Warning: pdflatex (file /var/lib/texmf/fonts/map/pdftex/updmap/pdftex.map): inv
alid entry for `ugtbu14': too big value of ExtendFont (2)

Warning: pdflatex (file /var/lib/texmf/fonts/map/pdftex/updmap/pdftex.map): inv
alid entry for `ugtbu15': too big value of ExtendFont (2)

Warning: pdflatex (file /var/lib/texmf/fonts/map/pdftex/updmap/pdftex.map): inv
alid entry for `ugtbu16': too big value of ExtendFont (2)

Warning: pdflatex (file /var/lib/texmf/fonts/map/pdftex/updmap/pdftex.map): inv
alid entry for `ugtbu20': too big value of ExtendFont (2)

Warning: pdflatex (file /var/lib/texmf/fonts/map/pdftex/updmap/pdftex.map): inv
alid entry for `ugtbu21': too big value of ExtendFont (2)

Warning: pdflatex (file /var/lib/texmf/fonts/map/pdftex/updmap/pdftex.map): inv
alid entry for `ugtbu22': too big value of ExtendFont (2)

Warning: pdflatex (file /var/lib/texmf/fonts/map/pdftex/updmap/pdftex.map): inv
alid entry for `ugtbu23': too big value of ExtendFont (2)

Warning: pdflatex (file /var/lib/texmf/fonts/map/pdftex/updmap/pdftex.map): inv
alid entry for `ugtbu24': too big value of ExtendFont (2)

Warning: pdflatex (file /var/lib/texmf/fonts/map/pdftex/updmap/pdftex.map): inv
alid entry for `ugtbu25': too big value of ExtendFont (2)

Warning: pdflatex (file /var/lib/texmf/fonts/map/pdftex/updmap/pdftex.map): inv
alid entry for `ugtbu26': too big value of ExtendFont (2)

Warning: pdflatex (file /var/lib/texmf/fonts/map/pdftex/updmap/pdftex.map): inv
alid entry for `ugtbu27': too big value of ExtendFont (2)

Warning: pdflatex (file /var/lib/texmf/fonts/map/pdftex/updmap/pdftex.map): inv
alid entry for `ugtbu28': too big value of ExtendFont (2)

Warning: pdflatex (file /var/lib/texmf/fonts/map/pdftex/updmap/pdftex.map): inv
alid entry for `ugtbu29': too big value of ExtendFont (2)

Warning: pdflatex (file /var/lib/texmf/fonts/map/pdftex/updmap/pdftex.map): inv
alid entry for `ugtbu30': too big value of ExtendFont (2)

Warning: pdflatex (file /var/lib/texmf/fonts/map/pdftex/updmap/pdftex.map): inv
alid entry for `ugtbu31': too big value of ExtendFont (2)

Warning: pdflatex (file /var/lib/texmf/fonts/map/pdftex/updmap/pdftex.map): inv
alid entry for `ugtbu32': too big value of ExtendFont (2)

Warning: pdflatex (file /var/lib/texmf/fonts/map/pdftex/updmap/pdftex.map): inv
alid entry for `ugtbu33': too big value of ExtendFont (2)

Warning: pdflatex (file /var/lib/texmf/fonts/map/pdftex/updmap/pdftex.map): inv
alid entry for `ugtbu34': too big value of ExtendFont (2)

Warning: pdflatex (file /var/lib/texmf/fonts/map/pdftex/updmap/pdftex.map): inv
alid entry for `ugtbu35': too big value of ExtendFont (2)

Warning: pdflatex (file /var/lib/texmf/fonts/map/pdftex/updmap/pdftex.map): inv
alid entry for `ugtbu36': too big value of ExtendFont (2)

Warning: pdflatex (file /var/lib/texmf/fonts/map/pdftex/updmap/pdftex.map): inv
alid entry for `ugtbu37': too big value of ExtendFont (2)

Warning: pdflatex (file /var/lib/texmf/fonts/map/pdftex/updmap/pdftex.map): inv
alid entry for `ugtbu38': too big value of ExtendFont (2)

Warning: pdflatex (file /var/lib/texmf/fonts/map/pdftex/updmap/pdftex.map): inv
alid entry for `ugtbuo00': too big value of ExtendFont (2)

Warning: pdflatex (file /var/lib/texmf/fonts/map/pdftex/updmap/pdftex.map): inv
alid entry for `ugtbuo01': too big value of ExtendFont (2)

Warning: pdflatex (file /var/lib/texmf/fonts/map/pdftex/updmap/pdftex.map): inv
alid entry for `ugtbuo02': too big value of ExtendFont (2)

Warning: pdflatex (file /var/lib/texmf/fonts/map/pdftex/updmap/pdftex.map): inv
alid entry for `ugtbuo03': too big value of ExtendFont (2)

Warning: pdflatex (file /var/lib/texmf/fonts/map/pdftex/updmap/pdftex.map): inv
alid entry for `ugtbuo05': too big value of ExtendFont (2)

Warning: pdflatex (file /var/lib/texmf/fonts/map/pdftex/updmap/pdftex.map): inv
alid entry for `ugtbuo10': too big value of ExtendFont (2)

Warning: pdflatex (file /var/lib/texmf/fonts/map/pdftex/updmap/pdftex.map): inv
alid entry for `ugtbuo11': too big value of ExtendFont (2)

Warning: pdflatex (file /var/lib/texmf/fonts/map/pdftex/updmap/pdftex.map): inv
alid entry for `ugtbuo12': too big value of ExtendFont (2)

Warning: pdflatex (file /var/lib/texmf/fonts/map/pdftex/updmap/pdftex.map): inv
alid entry for `ugtbuo13': too big value of ExtendFont (2)

Warning: pdflatex (file /var/lib/texmf/fonts/map/pdftex/updmap/pdftex.map): inv
alid entry for `ugtbuo14': too big value of ExtendFont (2)

Warning: pdflatex (file /var/lib/texmf/fonts/map/pdftex/updmap/pdftex.map): inv
alid entry for `ugtbuo15': too big value of ExtendFont (2)

Warning: pdflatex (file /var/lib/texmf/fonts/map/pdftex/updmap/pdftex.map): inv
alid entry for `ugtbuo16': too big value of ExtendFont (2)

Warning: pdflatex (file /var/lib/texmf/fonts/map/pdftex/updmap/pdftex.map): inv
alid entry for `ugtbuo20': too big value of ExtendFont (2)

Warning: pdflatex (file /var/lib/texmf/fonts/map/pdftex/updmap/pdftex.map): inv
alid entry for `ugtbuo21': too big value of ExtendFont (2)

Warning: pdflatex (file /var/lib/texmf/fonts/map/pdftex/updmap/pdftex.map): inv
alid entry for `ugtbuo22': too big value of ExtendFont (2)

Warning: pdflatex (file /var/lib/texmf/fonts/map/pdftex/updmap/pdftex.map): inv
alid entry for `ugtbuo23': too big value of ExtendFont (2)

Warning: pdflatex (file /var/lib/texmf/fonts/map/pdftex/updmap/pdftex.map): inv
alid entry for `ugtbuo24': too big value of ExtendFont (2)

Warning: pdflatex (file /var/lib/texmf/fonts/map/pdftex/updmap/pdftex.map): inv
alid entry for `ugtbuo25': too big value of ExtendFont (2)

Warning: pdflatex (file /var/lib/texmf/fonts/map/pdftex/updmap/pdftex.map): inv
alid entry for `ugtbuo26': too big value of ExtendFont (2)

Warning: pdflatex (file /var/lib/texmf/fonts/map/pdftex/updmap/pdftex.map): inv
alid entry for `ugtbuo27': too big value of ExtendFont (2)

Warning: pdflatex (file /var/lib/texmf/fonts/map/pdftex/updmap/pdftex.map): inv
alid entry for `ugtbuo28': too big value of ExtendFont (2)

Warning: pdflatex (file /var/lib/texmf/fonts/map/pdftex/updmap/pdftex.map): inv
alid entry for `ugtbuo29': too big value of ExtendFont (2)

Warning: pdflatex (file /var/lib/texmf/fonts/map/pdftex/updmap/pdftex.map): inv
alid entry for `ugtbuo30': too big value of ExtendFont (2)

Warning: pdflatex (file /var/lib/texmf/fonts/map/pdftex/updmap/pdftex.map): inv
alid entry for `ugtbuo31': too big value of ExtendFont (2)

Warning: pdflatex (file /var/lib/texmf/fonts/map/pdftex/updmap/pdftex.map): inv
alid entry for `ugtbuo32': too big value of ExtendFont (2)

Warning: pdflatex (file /var/lib/texmf/fonts/map/pdftex/updmap/pdftex.map): inv
alid entry for `ugtbuo33': too big value of ExtendFont (2)

Warning: pdflatex (file /var/lib/texmf/fonts/map/pdftex/updmap/pdftex.map): inv
alid entry for `ugtbuo34': too big value of ExtendFont (2)

Warning: pdflatex (file /var/lib/texmf/fonts/map/pdftex/updmap/pdftex.map): inv
alid entry for `ugtbuo35': too big value of ExtendFont (2)

Warning: pdflatex (file /var/lib/texmf/fonts/map/pdftex/updmap/pdftex.map): inv
alid entry for `ugtbuo36': too big value of ExtendFont (2)

Warning: pdflatex (file /var/lib/texmf/fonts/map/pdftex/updmap/pdftex.map): inv
alid entry for `ugtbuo37': too big value of ExtendFont (2)

Warning: pdflatex (file /var/lib/texmf/fonts/map/pdftex/updmap/pdftex.map): inv
alid entry for `ugtbuo38': too big value of ExtendFont (2)

Warning: pdflatex (file /var/lib/texmf/fonts/map/pdftex/updmap/pdftex.map): inv
alid entry for `ugtu00': too big value of ExtendFont (2)

Warning: pdflatex (file /var/lib/texmf/fonts/map/pdftex/updmap/pdftex.map): inv
alid entry for `ugtu01': too big value of ExtendFont (2)

Warning: pdflatex (file /var/lib/texmf/fonts/map/pdftex/updmap/pdftex.map): inv
alid entry for `ugtu02': too big value of ExtendFont (2)

Warning: pdflatex (file /var/lib/texmf/fonts/map/pdftex/updmap/pdftex.map): inv
alid entry for `ugtu03': too big value of ExtendFont (2)

Warning: pdflatex (file /var/lib/texmf/fonts/map/pdftex/updmap/pdftex.map): inv
alid entry for `ugtu05': too big value of ExtendFont (2)

Warning: pdflatex (file /var/lib/texmf/fonts/map/pdftex/updmap/pdftex.map): inv
alid entry for `ugtu10': too big value of ExtendFont (2)

Warning: pdflatex (file /var/lib/texmf/fonts/map/pdftex/updmap/pdftex.map): inv
alid entry for `ugtu11': too big value of ExtendFont (2)

Warning: pdflatex (file /var/lib/texmf/fonts/map/pdftex/updmap/pdftex.map): inv
alid entry for `ugtu12': too big value of ExtendFont (2)

Warning: pdflatex (file /var/lib/texmf/fonts/map/pdftex/updmap/pdftex.map): inv
alid entry for `ugtu13': too big value of ExtendFont (2)

Warning: pdflatex (file /var/lib/texmf/fonts/map/pdftex/updmap/pdftex.map): inv
alid entry for `ugtu14': too big value of ExtendFont (2)

Warning: pdflatex (file /var/lib/texmf/fonts/map/pdftex/updmap/pdftex.map): inv
alid entry for `ugtu15': too big value of ExtendFont (2)

Warning: pdflatex (file /var/lib/texmf/fonts/map/pdftex/updmap/pdftex.map): inv
alid entry for `ugtu16': too big value of ExtendFont (2)

Warning: pdflatex (file /var/lib/texmf/fonts/map/pdftex/updmap/pdftex.map): inv
alid entry for `ugtu17': too big value of ExtendFont (2)

Warning: pdflatex (file /var/lib/texmf/fonts/map/pdftex/updmap/pdftex.map): inv
alid entry for `ugtu20': too big value of ExtendFont (2)

Warning: pdflatex (file /var/lib/texmf/fonts/map/pdftex/updmap/pdftex.map): inv
alid entry for `ugtu21': too big value of ExtendFont (2)

Warning: pdflatex (file /var/lib/texmf/fonts/map/pdftex/updmap/pdftex.map): inv
alid entry for `ugtu22': too big value of ExtendFont (2)

Warning: pdflatex (file /var/lib/texmf/fonts/map/pdftex/updmap/pdftex.map): inv
alid entry for `ugtu23': too big value of ExtendFont (2)

Warning: pdflatex (file /var/lib/texmf/fonts/map/pdftex/updmap/pdftex.map): inv
alid entry for `ugtu24': too big value of ExtendFont (2)

Warning: pdflatex (file /var/lib/texmf/fonts/map/pdftex/updmap/pdftex.map): inv
alid entry for `ugtu25': too big value of ExtendFont (2)

Warning: pdflatex (file /var/lib/texmf/fonts/map/pdftex/updmap/pdftex.map): inv
alid entry for `ugtu26': too big value of ExtendFont (2)

Warning: pdflatex (file /var/lib/texmf/fonts/map/pdftex/updmap/pdftex.map): inv
alid entry for `ugtu27': too big value of ExtendFont (2)

Warning: pdflatex (file /var/lib/texmf/fonts/map/pdftex/updmap/pdftex.map): inv
alid entry for `ugtu28': too big value of ExtendFont (2)

Warning: pdflatex (file /var/lib/texmf/fonts/map/pdftex/updmap/pdftex.map): inv
alid entry for `ugtu29': too big value of ExtendFont (2)

Warning: pdflatex (file /var/lib/texmf/fonts/map/pdftex/updmap/pdftex.map): inv
alid entry for `ugtu30': too big value of ExtendFont (2)

Warning: pdflatex (file /var/lib/texmf/fonts/map/pdftex/updmap/pdftex.map): inv
alid entry for `ugtu31': too big value of ExtendFont (2)

Warning: pdflatex (file /var/lib/texmf/fonts/map/pdftex/updmap/pdftex.map): inv
alid entry for `ugtu32': too big value of ExtendFont (2)

Warning: pdflatex (file /var/lib/texmf/fonts/map/pdftex/updmap/pdftex.map): inv
alid entry for `ugtu33': too big value of ExtendFont (2)

Warning: pdflatex (file /var/lib/texmf/fonts/map/pdftex/updmap/pdftex.map): inv
alid entry for `ugtu34': too big value of ExtendFont (2)

Warning: pdflatex (file /var/lib/texmf/fonts/map/pdftex/updmap/pdftex.map): inv
alid entry for `ugtu35': too big value of ExtendFont (2)

Warning: pdflatex (file /var/lib/texmf/fonts/map/pdftex/updmap/pdftex.map): inv
alid entry for `ugtu36': too big value of ExtendFont (2)

Warning: pdflatex (file /var/lib/texmf/fonts/map/pdftex/updmap/pdftex.map): inv
alid entry for `ugtu37': too big value of ExtendFont (2)

Warning: pdflatex (file /var/lib/texmf/fonts/map/pdftex/updmap/pdftex.map): inv
alid entry for `ugtu38': too big value of ExtendFont (2)

Warning: pdflatex (file /var/lib/texmf/fonts/map/pdftex/updmap/pdftex.map): inv
alid entry for `ugtuo00': too big value of ExtendFont (2)

Warning: pdflatex (file /var/lib/texmf/fonts/map/pdftex/updmap/pdftex.map): inv
alid entry for `ugtuo01': too big value of ExtendFont (2)

Warning: pdflatex (file /var/lib/texmf/fonts/map/pdftex/updmap/pdftex.map): inv
alid entry for `ugtuo02': too big value of ExtendFont (2)

Warning: pdflatex (file /var/lib/texmf/fonts/map/pdftex/updmap/pdftex.map): inv
alid entry for `ugtuo03': too big value of ExtendFont (2)

Warning: pdflatex (file /var/lib/texmf/fonts/map/pdftex/updmap/pdftex.map): inv
alid entry for `ugtuo05': too big value of ExtendFont (2)

Warning: pdflatex (file /var/lib/texmf/fonts/map/pdftex/updmap/pdftex.map): inv
alid entry for `ugtuo10': too big value of ExtendFont (2)

Warning: pdflatex (file /var/lib/texmf/fonts/map/pdftex/updmap/pdftex.map): inv
alid entry for `ugtuo11': too big value of ExtendFont (2)

Warning: pdflatex (file /var/lib/texmf/fonts/map/pdftex/updmap/pdftex.map): inv
alid entry for `ugtuo12': too big value of ExtendFont (2)

Warning: pdflatex (file /var/lib/texmf/fonts/map/pdftex/updmap/pdftex.map): inv
alid entry for `ugtuo13': too big value of ExtendFont (2)

Warning: pdflatex (file /var/lib/texmf/fonts/map/pdftex/updmap/pdftex.map): inv
alid entry for `ugtuo14': too big value of ExtendFont (2)

Warning: pdflatex (file /var/lib/texmf/fonts/map/pdftex/updmap/pdftex.map): inv
alid entry for `ugtuo15': too big value of ExtendFont (2)

Warning: pdflatex (file /var/lib/texmf/fonts/map/pdftex/updmap/pdftex.map): inv
alid entry for `ugtuo16': too big value of ExtendFont (2)

Warning: pdflatex (file /var/lib/texmf/fonts/map/pdftex/updmap/pdftex.map): inv
alid entry for `ugtuo17': too big value of ExtendFont (2)

Warning: pdflatex (file /var/lib/texmf/fonts/map/pdftex/updmap/pdftex.map): inv
alid entry for `ugtuo20': too big value of ExtendFont (2)

Warning: pdflatex (file /var/lib/texmf/fonts/map/pdftex/updmap/pdftex.map): inv
alid entry for `ugtuo21': too big value of ExtendFont (2)

Warning: pdflatex (file /var/lib/texmf/fonts/map/pdftex/updmap/pdftex.map): inv
alid entry for `ugtuo22': too big value of ExtendFont (2)

Warning: pdflatex (file /var/lib/texmf/fonts/map/pdftex/updmap/pdftex.map): inv
alid entry for `ugtuo23': too big value of ExtendFont (2)

Warning: pdflatex (file /var/lib/texmf/fonts/map/pdftex/updmap/pdftex.map): inv
alid entry for `ugtuo24': too big value of ExtendFont (2)

Warning: pdflatex (file /var/lib/texmf/fonts/map/pdftex/updmap/pdftex.map): inv
alid entry for `ugtuo25': too big value of ExtendFont (2)

Warning: pdflatex (file /var/lib/texmf/fonts/map/pdftex/updmap/pdftex.map): inv
alid entry for `ugtuo26': too big value of ExtendFont (2)

Warning: pdflatex (file /var/lib/texmf/fonts/map/pdftex/updmap/pdftex.map): inv
alid entry for `ugtuo27': too big value of ExtendFont (2)

Warning: pdflatex (file /var/lib/texmf/fonts/map/pdftex/updmap/pdftex.map): inv
alid entry for `ugtuo28': too big value of ExtendFont (2)

Warning: pdflatex (file /var/lib/texmf/fonts/map/pdftex/updmap/pdftex.map): inv
alid entry for `ugtuo29': too big value of ExtendFont (2)

Warning: pdflatex (file /var/lib/texmf/fonts/map/pdftex/updmap/pdftex.map): inv
alid entry for `ugtuo30': too big value of ExtendFont (2)

Warning: pdflatex (file /var/lib/texmf/fonts/map/pdftex/updmap/pdftex.map): inv
alid entry for `ugtuo31': too big value of ExtendFont (2)

Warning: pdflatex (file /var/lib/texmf/fonts/map/pdftex/updmap/pdftex.map): inv
alid entry for `ugtuo32': too big value of ExtendFont (2)

Warning: pdflatex (file /var/lib/texmf/fonts/map/pdftex/updmap/pdftex.map): inv
alid entry for `ugtuo33': too big value of ExtendFont (2)

Warning: pdflatex (file /var/lib/texmf/fonts/map/pdftex/updmap/pdftex.map): inv
alid entry for `ugtuo34': too big value of ExtendFont (2)

Warning: pdflatex (file /var/lib/texmf/fonts/map/pdftex/updmap/pdftex.map): inv
alid entry for `ugtuo35': too big value of ExtendFont (2)

Warning: pdflatex (file /var/lib/texmf/fonts/map/pdftex/updmap/pdftex.map): inv
alid entry for `ugtuo36': too big value of ExtendFont (2)

Warning: pdflatex (file /var/lib/texmf/fonts/map/pdftex/updmap/pdftex.map): inv
alid entry for `ugtuo37': too big value of ExtendFont (2)

Warning: pdflatex (file /var/lib/texmf/fonts/map/pdftex/updmap/pdftex.map): inv
alid entry for `ugtuo38': too big value of ExtendFont (2)

Warning: pdflatex (file /var/lib/texmf/fonts/map/pdftex/updmap/pdftex.map): inv
alid entry for `umjbu00': too big value of ExtendFont (2)

Warning: pdflatex (file /var/lib/texmf/fonts/map/pdftex/updmap/pdftex.map): inv
alid entry for `umjbu01': too big value of ExtendFont (2)

Warning: pdflatex (file /var/lib/texmf/fonts/map/pdftex/updmap/pdftex.map): inv
alid entry for `umjbu02': too big value of ExtendFont (2)

Warning: pdflatex (file /var/lib/texmf/fonts/map/pdftex/updmap/pdftex.map): inv
alid entry for `umjbu03': too big value of ExtendFont (2)

Warning: pdflatex (file /var/lib/texmf/fonts/map/pdftex/updmap/pdftex.map): inv
alid entry for `umjbu04': too big value of ExtendFont (2)

Warning: pdflatex (file /var/lib/texmf/fonts/map/pdftex/updmap/pdftex.map): inv
alid entry for `umjbu05': too big value of ExtendFont (2)

Warning: pdflatex (file /var/lib/texmf/fonts/map/pdftex/updmap/pdftex.map): inv
alid entry for `umjbu10': too big value of ExtendFont (2)

Warning: pdflatex (file /var/lib/texmf/fonts/map/pdftex/updmap/pdftex.map): inv
alid entry for `umjbu11': too big value of ExtendFont (2)

Warning: pdflatex (file /var/lib/texmf/fonts/map/pdftex/updmap/pdftex.map): inv
alid entry for `umjbu12': too big value of ExtendFont (2)

Warning: pdflatex (file /var/lib/texmf/fonts/map/pdftex/updmap/pdftex.map): inv
alid entry for `umjbu13': too big value of ExtendFont (2)

Warning: pdflatex (file /var/lib/texmf/fonts/map/pdftex/updmap/pdftex.map): inv
alid entry for `umjbu14': too big value of ExtendFont (2)

Warning: pdflatex (file /var/lib/texmf/fonts/map/pdftex/updmap/pdftex.map): inv
alid entry for `umjbu15': too big value of ExtendFont (2)

Warning: pdflatex (file /var/lib/texmf/fonts/map/pdftex/updmap/pdftex.map): inv
alid entry for `umjbu16': too big value of ExtendFont (2)

Warning: pdflatex (file /var/lib/texmf/fonts/map/pdftex/updmap/pdftex.map): inv
alid entry for `umjbu17': too big value of ExtendFont (2)

Warning: pdflatex (file /var/lib/texmf/fonts/map/pdftex/updmap/pdftex.map): inv
alid entry for `umjbu20': too big value of ExtendFont (2)

Warning: pdflatex (file /var/lib/texmf/fonts/map/pdftex/updmap/pdftex.map): inv
alid entry for `umjbu21': too big value of ExtendFont (2)

Warning: pdflatex (file /var/lib/texmf/fonts/map/pdftex/updmap/pdftex.map): inv
alid entry for `umjbu22': too big value of ExtendFont (2)

Warning: pdflatex (file /var/lib/texmf/fonts/map/pdftex/updmap/pdftex.map): inv
alid entry for `umjbu23': too big value of ExtendFont (2)

Warning: pdflatex (file /var/lib/texmf/fonts/map/pdftex/updmap/pdftex.map): inv
alid entry for `umjbu24': too big value of ExtendFont (2)

Warning: pdflatex (file /var/lib/texmf/fonts/map/pdftex/updmap/pdftex.map): inv
alid entry for `umjbu25': too big value of ExtendFont (2)

Warning: pdflatex (file /var/lib/texmf/fonts/map/pdftex/updmap/pdftex.map): inv
alid entry for `umjbu26': too big value of ExtendFont (2)

Warning: pdflatex (file /var/lib/texmf/fonts/map/pdftex/updmap/pdftex.map): inv
alid entry for `umjbu27': too big value of ExtendFont (2)

Warning: pdflatex (file /var/lib/texmf/fonts/map/pdftex/updmap/pdftex.map): inv
alid entry for `umjbu28': too big value of ExtendFont (2)

Warning: pdflatex (file /var/lib/texmf/fonts/map/pdftex/updmap/pdftex.map): inv
alid entry for `umjbu29': too big value of ExtendFont (2)

Warning: pdflatex (file /var/lib/texmf/fonts/map/pdftex/updmap/pdftex.map): inv
alid entry for `umjbu30': too big value of ExtendFont (2)

Warning: pdflatex (file /var/lib/texmf/fonts/map/pdftex/updmap/pdftex.map): inv
alid entry for `umjbu31': too big value of ExtendFont (2)

Warning: pdflatex (file /var/lib/texmf/fonts/map/pdftex/updmap/pdftex.map): inv
alid entry for `umjbu32': too big value of ExtendFont (2)

Warning: pdflatex (file /var/lib/texmf/fonts/map/pdftex/updmap/pdftex.map): inv
alid entry for `umjbu33': too big value of ExtendFont (2)

Warning: pdflatex (file /var/lib/texmf/fonts/map/pdftex/updmap/pdftex.map): inv
alid entry for `umjbu34': too big value of ExtendFont (2)

Warning: pdflatex (file /var/lib/texmf/fonts/map/pdftex/updmap/pdftex.map): inv
alid entry for `umjbu35': too big value of ExtendFont (2)

Warning: pdflatex (file /var/lib/texmf/fonts/map/pdftex/updmap/pdftex.map): inv
alid entry for `umjbu36': too big value of ExtendFont (2)

Warning: pdflatex (file /var/lib/texmf/fonts/map/pdftex/updmap/pdftex.map): inv
alid entry for `umjbu37': too big value of ExtendFont (2)

Warning: pdflatex (file /var/lib/texmf/fonts/map/pdftex/updmap/pdftex.map): inv
alid entry for `umjbu38': too big value of ExtendFont (2)

Warning: pdflatex (file /var/lib/texmf/fonts/map/pdftex/updmap/pdftex.map): inv
alid entry for `umjbuo00': too big value of ExtendFont (2)

Warning: pdflatex (file /var/lib/texmf/fonts/map/pdftex/updmap/pdftex.map): inv
alid entry for `umjbuo01': too big value of ExtendFont (2)

Warning: pdflatex (file /var/lib/texmf/fonts/map/pdftex/updmap/pdftex.map): inv
alid entry for `umjbuo02': too big value of ExtendFont (2)

Warning: pdflatex (file /var/lib/texmf/fonts/map/pdftex/updmap/pdftex.map): inv
alid entry for `umjbuo03': too big value of ExtendFont (2)

Warning: pdflatex (file /var/lib/texmf/fonts/map/pdftex/updmap/pdftex.map): inv
alid entry for `umjbuo04': too big value of ExtendFont (2)

Warning: pdflatex (file /var/lib/texmf/fonts/map/pdftex/updmap/pdftex.map): inv
alid entry for `umjbuo05': too big value of ExtendFont (2)

Warning: pdflatex (file /var/lib/texmf/fonts/map/pdftex/updmap/pdftex.map): inv
alid entry for `umjbuo10': too big value of ExtendFont (2)

Warning: pdflatex (file /var/lib/texmf/fonts/map/pdftex/updmap/pdftex.map): inv
alid entry for `umjbuo11': too big value of ExtendFont (2)

Warning: pdflatex (file /var/lib/texmf/fonts/map/pdftex/updmap/pdftex.map): inv
alid entry for `umjbuo12': too big value of ExtendFont (2)

Warning: pdflatex (file /var/lib/texmf/fonts/map/pdftex/updmap/pdftex.map): inv
alid entry for `umjbuo13': too big value of ExtendFont (2)

Warning: pdflatex (file /var/lib/texmf/fonts/map/pdftex/updmap/pdftex.map): inv
alid entry for `umjbuo14': too big value of ExtendFont (2)

Warning: pdflatex (file /var/lib/texmf/fonts/map/pdftex/updmap/pdftex.map): inv
alid entry for `umjbuo15': too big value of ExtendFont (2)

Warning: pdflatex (file /var/lib/texmf/fonts/map/pdftex/updmap/pdftex.map): inv
alid entry for `umjbuo16': too big value of ExtendFont (2)

Warning: pdflatex (file /var/lib/texmf/fonts/map/pdftex/updmap/pdftex.map): inv
alid entry for `umjbuo17': too big value of ExtendFont (2)

Warning: pdflatex (file /var/lib/texmf/fonts/map/pdftex/updmap/pdftex.map): inv
alid entry for `umjbuo20': too big value of ExtendFont (2)

Warning: pdflatex (file /var/lib/texmf/fonts/map/pdftex/updmap/pdftex.map): inv
alid entry for `umjbuo21': too big value of ExtendFont (2)

Warning: pdflatex (file /var/lib/texmf/fonts/map/pdftex/updmap/pdftex.map): inv
alid entry for `umjbuo22': too big value of ExtendFont (2)

Warning: pdflatex (file /var/lib/texmf/fonts/map/pdftex/updmap/pdftex.map): inv
alid entry for `umjbuo23': too big value of ExtendFont (2)

Warning: pdflatex (file /var/lib/texmf/fonts/map/pdftex/updmap/pdftex.map): inv
alid entry for `umjbuo24': too big value of ExtendFont (2)

Warning: pdflatex (file /var/lib/texmf/fonts/map/pdftex/updmap/pdftex.map): inv
alid entry for `umjbuo25': too big value of ExtendFont (2)

Warning: pdflatex (file /var/lib/texmf/fonts/map/pdftex/updmap/pdftex.map): inv
alid entry for `umjbuo26': too big value of ExtendFont (2)

Warning: pdflatex (file /var/lib/texmf/fonts/map/pdftex/updmap/pdftex.map): inv
alid entry for `umjbuo27': too big value of ExtendFont (2)

Warning: pdflatex (file /var/lib/texmf/fonts/map/pdftex/updmap/pdftex.map): inv
alid entry for `umjbuo28': too big value of ExtendFont (2)

Warning: pdflatex (file /var/lib/texmf/fonts/map/pdftex/updmap/pdftex.map): inv
alid entry for `umjbuo29': too big value of ExtendFont (2)

Warning: pdflatex (file /var/lib/texmf/fonts/map/pdftex/updmap/pdftex.map): inv
alid entry for `umjbuo30': too big value of ExtendFont (2)

Warning: pdflatex (file /var/lib/texmf/fonts/map/pdftex/updmap/pdftex.map): inv
alid entry for `umjbuo31': too big value of ExtendFont (2)

Warning: pdflatex (file /var/lib/texmf/fonts/map/pdftex/updmap/pdftex.map): inv
alid entry for `umjbuo32': too big value of ExtendFont (2)

Warning: pdflatex (file /var/lib/texmf/fonts/map/pdftex/updmap/pdftex.map): inv
alid entry for `umjbuo33': too big value of ExtendFont (2)

Warning: pdflatex (file /var/lib/texmf/fonts/map/pdftex/updmap/pdftex.map): inv
alid entry for `umjbuo34': too big value of ExtendFont (2)

Warning: pdflatex (file /var/lib/texmf/fonts/map/pdftex/updmap/pdftex.map): inv
alid entry for `umjbuo35': too big value of ExtendFont (2)

Warning: pdflatex (file /var/lib/texmf/fonts/map/pdftex/updmap/pdftex.map): inv
alid entry for `umjbuo36': too big value of ExtendFont (2)

Warning: pdflatex (file /var/lib/texmf/fonts/map/pdftex/updmap/pdftex.map): inv
alid entry for `umjbuo37': too big value of ExtendFont (2)

Warning: pdflatex (file /var/lib/texmf/fonts/map/pdftex/updmap/pdftex.map): inv
alid entry for `umjbuo38': too big value of ExtendFont (2)

Warning: pdflatex (file /var/lib/texmf/fonts/map/pdftex/updmap/pdftex.map): inv
alid entry for `umju00': too big value of ExtendFont (2)

Warning: pdflatex (file /var/lib/texmf/fonts/map/pdftex/updmap/pdftex.map): inv
alid entry for `umju01': too big value of ExtendFont (2)

Warning: pdflatex (file /var/lib/texmf/fonts/map/pdftex/updmap/pdftex.map): inv
alid entry for `umju02': too big value of ExtendFont (2)

Warning: pdflatex (file /var/lib/texmf/fonts/map/pdftex/updmap/pdftex.map): inv
alid entry for `umju03': too big value of ExtendFont (2)

Warning: pdflatex (file /var/lib/texmf/fonts/map/pdftex/updmap/pdftex.map): inv
alid entry for `umju04': too big value of ExtendFont (2)

Warning: pdflatex (file /var/lib/texmf/fonts/map/pdftex/updmap/pdftex.map): inv
alid entry for `umju05': too big value of ExtendFont (2)

Warning: pdflatex (file /var/lib/texmf/fonts/map/pdftex/updmap/pdftex.map): inv
alid entry for `umju10': too big value of ExtendFont (2)

Warning: pdflatex (file /var/lib/texmf/fonts/map/pdftex/updmap/pdftex.map): inv
alid entry for `umju11': too big value of ExtendFont (2)

Warning: pdflatex (file /var/lib/texmf/fonts/map/pdftex/updmap/pdftex.map): inv
alid entry for `umju12': too big value of ExtendFont (2)

Warning: pdflatex (file /var/lib/texmf/fonts/map/pdftex/updmap/pdftex.map): inv
alid entry for `umju13': too big value of ExtendFont (2)

Warning: pdflatex (file /var/lib/texmf/fonts/map/pdftex/updmap/pdftex.map): inv
alid entry for `umju14': too big value of ExtendFont (2)

Warning: pdflatex (file /var/lib/texmf/fonts/map/pdftex/updmap/pdftex.map): inv
alid entry for `umju15': too big value of ExtendFont (2)

Warning: pdflatex (file /var/lib/texmf/fonts/map/pdftex/updmap/pdftex.map): inv
alid entry for `umju16': too big value of ExtendFont (2)

Warning: pdflatex (file /var/lib/texmf/fonts/map/pdftex/updmap/pdftex.map): inv
alid entry for `umju17': too big value of ExtendFont (2)

Warning: pdflatex (file /var/lib/texmf/fonts/map/pdftex/updmap/pdftex.map): inv
alid entry for `umju20': too big value of ExtendFont (2)

Warning: pdflatex (file /var/lib/texmf/fonts/map/pdftex/updmap/pdftex.map): inv
alid entry for `umju21': too big value of ExtendFont (2)

Warning: pdflatex (file /var/lib/texmf/fonts/map/pdftex/updmap/pdftex.map): inv
alid entry for `umju22': too big value of ExtendFont (2)

Warning: pdflatex (file /var/lib/texmf/fonts/map/pdftex/updmap/pdftex.map): inv
alid entry for `umju23': too big value of ExtendFont (2)

Warning: pdflatex (file /var/lib/texmf/fonts/map/pdftex/updmap/pdftex.map): inv
alid entry for `umju24': too big value of ExtendFont (2)

Warning: pdflatex (file /var/lib/texmf/fonts/map/pdftex/updmap/pdftex.map): inv
alid entry for `umju25': too big value of ExtendFont (2)

Warning: pdflatex (file /var/lib/texmf/fonts/map/pdftex/updmap/pdftex.map): inv
alid entry for `umju26': too big value of ExtendFont (2)

Warning: pdflatex (file /var/lib/texmf/fonts/map/pdftex/updmap/pdftex.map): inv
alid entry for `umju27': too big value of ExtendFont (2)

Warning: pdflatex (file /var/lib/texmf/fonts/map/pdftex/updmap/pdftex.map): inv
alid entry for `umju28': too big value of ExtendFont (2)

Warning: pdflatex (file /var/lib/texmf/fonts/map/pdftex/updmap/pdftex.map): inv
alid entry for `umju29': too big value of ExtendFont (2)

Warning: pdflatex (file /var/lib/texmf/fonts/map/pdftex/updmap/pdftex.map): inv
alid entry for `umju30': too big value of ExtendFont (2)

Warning: pdflatex (file /var/lib/texmf/fonts/map/pdftex/updmap/pdftex.map): inv
alid entry for `umju31': too big value of ExtendFont (2)

Warning: pdflatex (file /var/lib/texmf/fonts/map/pdftex/updmap/pdftex.map): inv
alid entry for `umju32': too big value of ExtendFont (2)

Warning: pdflatex (file /var/lib/texmf/fonts/map/pdftex/updmap/pdftex.map): inv
alid entry for `umju33': too big value of ExtendFont (2)

Warning: pdflatex (file /var/lib/texmf/fonts/map/pdftex/updmap/pdftex.map): inv
alid entry for `umju34': too big value of ExtendFont (2)

Warning: pdflatex (file /var/lib/texmf/fonts/map/pdftex/updmap/pdftex.map): inv
alid entry for `umju35': too big value of ExtendFont (2)

Warning: pdflatex (file /var/lib/texmf/fonts/map/pdftex/updmap/pdftex.map): inv
alid entry for `umju36': too big value of ExtendFont (2)

Warning: pdflatex (file /var/lib/texmf/fonts/map/pdftex/updmap/pdftex.map): inv
alid entry for `umju37': too big value of ExtendFont (2)

Warning: pdflatex (file /var/lib/texmf/fonts/map/pdftex/updmap/pdftex.map): inv
alid entry for `umju38': too big value of ExtendFont (2)

Warning: pdflatex (file /var/lib/texmf/fonts/map/pdftex/updmap/pdftex.map): inv
alid entry for `umjuo00': too big value of ExtendFont (2)

Warning: pdflatex (file /var/lib/texmf/fonts/map/pdftex/updmap/pdftex.map): inv
alid entry for `umjuo01': too big value of ExtendFont (2)

Warning: pdflatex (file /var/lib/texmf/fonts/map/pdftex/updmap/pdftex.map): inv
alid entry for `umjuo02': too big value of ExtendFont (2)

Warning: pdflatex (file /var/lib/texmf/fonts/map/pdftex/updmap/pdftex.map): inv
alid entry for `umjuo03': too big value of ExtendFont (2)

Warning: pdflatex (file /var/lib/texmf/fonts/map/pdftex/updmap/pdftex.map): inv
alid entry for `umjuo04': too big value of ExtendFont (2)

Warning: pdflatex (file /var/lib/texmf/fonts/map/pdftex/updmap/pdftex.map): inv
alid entry for `umjuo05': too big value of ExtendFont (2)

Warning: pdflatex (file /var/lib/texmf/fonts/map/pdftex/updmap/pdftex.map): inv
alid entry for `umjuo10': too big value of ExtendFont (2)

Warning: pdflatex (file /var/lib/texmf/fonts/map/pdftex/updmap/pdftex.map): inv
alid entry for `umjuo11': too big value of ExtendFont (2)

Warning: pdflatex (file /var/lib/texmf/fonts/map/pdftex/updmap/pdftex.map): inv
alid entry for `umjuo12': too big value of ExtendFont (2)

Warning: pdflatex (file /var/lib/texmf/fonts/map/pdftex/updmap/pdftex.map): inv
alid entry for `umjuo13': too big value of ExtendFont (2)

Warning: pdflatex (file /var/lib/texmf/fonts/map/pdftex/updmap/pdftex.map): inv
alid entry for `umjuo14': too big value of ExtendFont (2)

Warning: pdflatex (file /var/lib/texmf/fonts/map/pdftex/updmap/pdftex.map): inv
alid entry for `umjuo15': too big value of ExtendFont (2)

Warning: pdflatex (file /var/lib/texmf/fonts/map/pdftex/updmap/pdftex.map): inv
alid entry for `umjuo16': too big value of ExtendFont (2)

Warning: pdflatex (file /var/lib/texmf/fonts/map/pdftex/updmap/pdftex.map): inv
alid entry for `umjuo17': too big value of ExtendFont (2)

Warning: pdflatex (file /var/lib/texmf/fonts/map/pdftex/updmap/pdftex.map): inv
alid entry for `umjuo20': too big value of ExtendFont (2)

Warning: pdflatex (file /var/lib/texmf/fonts/map/pdftex/updmap/pdftex.map): inv
alid entry for `umjuo21': too big value of ExtendFont (2)

Warning: pdflatex (file /var/lib/texmf/fonts/map/pdftex/updmap/pdftex.map): inv
alid entry for `umjuo22': too big value of ExtendFont (2)

Warning: pdflatex (file /var/lib/texmf/fonts/map/pdftex/updmap/pdftex.map): inv
alid entry for `umjuo23': too big value of ExtendFont (2)

Warning: pdflatex (file /var/lib/texmf/fonts/map/pdftex/updmap/pdftex.map): inv
alid entry for `umjuo24': too big value of ExtendFont (2)

Warning: pdflatex (file /var/lib/texmf/fonts/map/pdftex/updmap/pdftex.map): inv
alid entry for `umjuo25': too big value of ExtendFont (2)

Warning: pdflatex (file /var/lib/texmf/fonts/map/pdftex/updmap/pdftex.map): inv
alid entry for `umjuo26': too big value of ExtendFont (2)

Warning: pdflatex (file /var/lib/texmf/fonts/map/pdftex/updmap/pdftex.map): inv
alid entry for `umjuo27': too big value of ExtendFont (2)

Warning: pdflatex (file /var/lib/texmf/fonts/map/pdftex/updmap/pdftex.map): inv
alid entry for `umjuo28': too big value of ExtendFont (2)

Warning: pdflatex (file /var/lib/texmf/fonts/map/pdftex/updmap/pdftex.map): inv
alid entry for `umjuo29': too big value of ExtendFont (2)

Warning: pdflatex (file /var/lib/texmf/fonts/map/pdftex/updmap/pdftex.map): inv
alid entry for `umjuo30': too big value of ExtendFont (2)

Warning: pdflatex (file /var/lib/texmf/fonts/map/pdftex/updmap/pdftex.map): inv
alid entry for `umjuo31': too big value of ExtendFont (2)

Warning: pdflatex (file /var/lib/texmf/fonts/map/pdftex/updmap/pdftex.map): inv
alid entry for `umjuo32': too big value of ExtendFont (2)

Warning: pdflatex (file /var/lib/texmf/fonts/map/pdftex/updmap/pdftex.map): inv
alid entry for `umjuo33': too big value of ExtendFont (2)

Warning: pdflatex (file /var/lib/texmf/fonts/map/pdftex/updmap/pdftex.map): inv
alid entry for `umjuo34': too big value of ExtendFont (2)

Warning: pdflatex (file /var/lib/texmf/fonts/map/pdftex/updmap/pdftex.map): inv
alid entry for `umjuo35': too big value of ExtendFont (2)

Warning: pdflatex (file /var/lib/texmf/fonts/map/pdftex/updmap/pdftex.map): inv
alid entry for `umjuo36': too big value of ExtendFont (2)

Warning: pdflatex (file /var/lib/texmf/fonts/map/pdftex/updmap/pdftex.map): inv
alid entry for `umjuo37': too big value of ExtendFont (2)

Warning: pdflatex (file /var/lib/texmf/fonts/map/pdftex/updmap/pdftex.map): inv
alid entry for `umjuo38': too big value of ExtendFont (2)

Warning: pdflatex (file /var/lib/texmf/fonts/map/pdftex/updmap/pdftex.map): inv
alid entry for `upgbu00': too big value of ExtendFont (2)

Warning: pdflatex (file /var/lib/texmf/fonts/map/pdftex/updmap/pdftex.map): inv
alid entry for `upgbu10': too big value of ExtendFont (2)

Warning: pdflatex (file /var/lib/texmf/fonts/map/pdftex/updmap/pdftex.map): inv
alid entry for `upgbu11': too big value of ExtendFont (2)

Warning: pdflatex (file /var/lib/texmf/fonts/map/pdftex/updmap/pdftex.map): inv
alid entry for `upgbuo00': too big value of ExtendFont (2)

Warning: pdflatex (file /var/lib/texmf/fonts/map/pdftex/updmap/pdftex.map): inv
alid entry for `upgbuo10': too big value of ExtendFont (2)

Warning: pdflatex (file /var/lib/texmf/fonts/map/pdftex/updmap/pdftex.map): inv
alid entry for `upgbuo11': too big value of ExtendFont (2)

Warning: pdflatex (file /var/lib/texmf/fonts/map/pdftex/updmap/pdftex.map): inv
alid entry for `upgu00': too big value of ExtendFont (2)

Warning: pdflatex (file /var/lib/texmf/fonts/map/pdftex/updmap/pdftex.map): inv
alid entry for `upgu10': too big value of ExtendFont (2)

Warning: pdflatex (file /var/lib/texmf/fonts/map/pdftex/updmap/pdftex.map): inv
alid entry for `upgu11': too big value of ExtendFont (2)

Warning: pdflatex (file /var/lib/texmf/fonts/map/pdftex/updmap/pdftex.map): inv
alid entry for `upguo00': too big value of ExtendFont (2)

Warning: pdflatex (file /var/lib/texmf/fonts/map/pdftex/updmap/pdftex.map): inv
alid entry for `upguo10': too big value of ExtendFont (2)

Warning: pdflatex (file /var/lib/texmf/fonts/map/pdftex/updmap/pdftex.map): inv
alid entry for `upguo11': too big value of ExtendFont (2)

Warning: pdflatex (file /var/lib/texmf/fonts/map/pdftex/updmap/pdftex.map): inv
alid entry for `uphu10': too big value of ExtendFont (2)

Warning: pdflatex (file /var/lib/texmf/fonts/map/pdftex/updmap/pdftex.map): inv
alid entry for `uphu11': too big value of ExtendFont (2)

Warning: pdflatex (file /var/lib/texmf/fonts/map/pdftex/updmap/pdftex.map): inv
alid entry for `uphu12': too big value of ExtendFont (2)

Warning: pdflatex (file /var/lib/texmf/fonts/map/pdftex/updmap/pdftex.map): inv
alid entry for `uphu13': too big value of ExtendFont (2)

Warning: pdflatex (file /var/lib/texmf/fonts/map/pdftex/updmap/pdftex.map): inv
alid entry for `uphuo10': too big value of ExtendFont (2)

Warning: pdflatex (file /var/lib/texmf/fonts/map/pdftex/updmap/pdftex.map): inv
alid entry for `uphuo11': too big value of ExtendFont (2)

Warning: pdflatex (file /var/lib/texmf/fonts/map/pdftex/updmap/pdftex.map): inv
alid entry for `uphuo12': too big value of ExtendFont (2)

Warning: pdflatex (file /var/lib/texmf/fonts/map/pdftex/updmap/pdftex.map): inv
alid entry for `uphuo13': too big value of ExtendFont (2)

Warning: pdflatex (file /var/lib/texmf/fonts/map/pdftex/updmap/pdftex.map): inv
alid entry for `upnu10': too big value of ExtendFont (2)

Warning: pdflatex (file /var/lib/texmf/fonts/map/pdftex/updmap/pdftex.map): inv
alid entry for `upnu11': too big value of ExtendFont (2)

Warning: pdflatex (file /var/lib/texmf/fonts/map/pdftex/updmap/pdftex.map): inv
alid entry for `upnu12': too big value of ExtendFont (2)

Warning: pdflatex (file /var/lib/texmf/fonts/map/pdftex/updmap/pdftex.map): inv
alid entry for `upnu13': too big value of ExtendFont (2)

Warning: pdflatex (file /var/lib/texmf/fonts/map/pdftex/updmap/pdftex.map): inv
alid entry for `upnuo10': too big value of ExtendFont (2)

Warning: pdflatex (file /var/lib/texmf/fonts/map/pdftex/updmap/pdftex.map): inv
alid entry for `upnuo11': too big value of ExtendFont (2)

Warning: pdflatex (file /var/lib/texmf/fonts/map/pdftex/updmap/pdftex.map): inv
alid entry for `upnuo12': too big value of ExtendFont (2)

Warning: pdflatex (file /var/lib/texmf/fonts/map/pdftex/updmap/pdftex.map): inv
alid entry for `upnuo13': too big value of ExtendFont (2)

Warning: pdflatex (file /var/lib/texmf/fonts/map/pdftex/updmap/pdftex.map): inv
alid entry for `ushu02': too big value of ExtendFont (2)

Warning: pdflatex (file /var/lib/texmf/fonts/map/pdftex/updmap/pdftex.map): inv
alid entry for `ushu05': too big value of ExtendFont (2)

Warning: pdflatex (file /var/lib/texmf/fonts/map/pdftex/updmap/pdftex.map): inv
alid entry for `ushu10': too big value of ExtendFont (2)

Warning: pdflatex (file /var/lib/texmf/fonts/map/pdftex/updmap/pdftex.map): inv
alid entry for `ushu11': too big value of ExtendFont (2)

Warning: pdflatex (file /var/lib/texmf/fonts/map/pdftex/updmap/pdftex.map): inv
alid entry for `ushu12': too big value of ExtendFont (2)

Warning: pdflatex (file /var/lib/texmf/fonts/map/pdftex/updmap/pdftex.map): inv
alid entry for `ushu13': too big value of ExtendFont (2)

Warning: pdflatex (file /var/lib/texmf/fonts/map/pdftex/updmap/pdftex.map): inv
alid entry for `ushu14': too big value of ExtendFont (2)

Warning: pdflatex (file /var/lib/texmf/fonts/map/pdftex/updmap/pdftex.map): inv
alid entry for `ushu15': too big value of ExtendFont (2)

Warning: pdflatex (file /var/lib/texmf/fonts/map/pdftex/updmap/pdftex.map): inv
alid entry for `ushu20': too big value of ExtendFont (2)

Warning: pdflatex (file /var/lib/texmf/fonts/map/pdftex/updmap/pdftex.map): inv
alid entry for `ushu21': too big value of ExtendFont (2)

Warning: pdflatex (file /var/lib/texmf/fonts/map/pdftex/updmap/pdftex.map): inv
alid entry for `ushu22': too big value of ExtendFont (2)

Warning: pdflatex (file /var/lib/texmf/fonts/map/pdftex/updmap/pdftex.map): inv
alid entry for `ushu23': too big value of ExtendFont (2)

Warning: pdflatex (file /var/lib/texmf/fonts/map/pdftex/updmap/pdftex.map): inv
alid entry for `ushu24': too big value of ExtendFont (2)

Warning: pdflatex (file /var/lib/texmf/fonts/map/pdftex/updmap/pdftex.map): inv
alid entry for `ushu25': too big value of ExtendFont (2)

Warning: pdflatex (file /var/lib/texmf/fonts/map/pdftex/updmap/pdftex.map): inv
alid entry for `ushu26': too big value of ExtendFont (2)

Warning: pdflatex (file /var/lib/texmf/fonts/map/pdftex/updmap/pdftex.map): inv
alid entry for `ushu27': too big value of ExtendFont (2)

Warning: pdflatex (file /var/lib/texmf/fonts/map/pdftex/updmap/pdftex.map): inv
alid entry for `ushu28': too big value of ExtendFont (2)

Warning: pdflatex (file /var/lib/texmf/fonts/map/pdftex/updmap/pdftex.map): inv
alid entry for `ushu29': too big value of ExtendFont (2)

Warning: pdflatex (file /var/lib/texmf/fonts/map/pdftex/updmap/pdftex.map): inv
alid entry for `ushu30': too big value of ExtendFont (2)

Warning: pdflatex (file /var/lib/texmf/fonts/map/pdftex/updmap/pdftex.map): inv
alid entry for `ushu31': too big value of ExtendFont (2)

Warning: pdflatex (file /var/lib/texmf/fonts/map/pdftex/updmap/pdftex.map): inv
alid entry for `ushu32': too big value of ExtendFont (2)

Warning: pdflatex (file /var/lib/texmf/fonts/map/pdftex/updmap/pdftex.map): inv
alid entry for `ushu33': too big value of ExtendFont (2)

Warning: pdflatex (file /var/lib/texmf/fonts/map/pdftex/updmap/pdftex.map): inv
alid entry for `ushu34': too big value of ExtendFont (2)

Warning: pdflatex (file /var/lib/texmf/fonts/map/pdftex/updmap/pdftex.map): inv
alid entry for `ushu35': too big value of ExtendFont (2)

Warning: pdflatex (file /var/lib/texmf/fonts/map/pdftex/updmap/pdftex.map): inv
alid entry for `ushu36': too big value of ExtendFont (2)

Warning: pdflatex (file /var/lib/texmf/fonts/map/pdftex/updmap/pdftex.map): inv
alid entry for `ushu37': too big value of ExtendFont (2)

Warning: pdflatex (file /var/lib/texmf/fonts/map/pdftex/updmap/pdftex.map): inv
alid entry for `ushu38': too big value of ExtendFont (2)

Warning: pdflatex (file /var/lib/texmf/fonts/map/pdftex/updmap/pdftex.map): inv
alid entry for `ushuo02': too big value of ExtendFont (2)

Warning: pdflatex (file /var/lib/texmf/fonts/map/pdftex/updmap/pdftex.map): inv
alid entry for `ushuo05': too big value of ExtendFont (2)

Warning: pdflatex (file /var/lib/texmf/fonts/map/pdftex/updmap/pdftex.map): inv
alid entry for `ushuo10': too big value of ExtendFont (2)

Warning: pdflatex (file /var/lib/texmf/fonts/map/pdftex/updmap/pdftex.map): inv
alid entry for `ushuo11': too big value of ExtendFont (2)

Warning: pdflatex (file /var/lib/texmf/fonts/map/pdftex/updmap/pdftex.map): inv
alid entry for `ushuo12': too big value of ExtendFont (2)

Warning: pdflatex (file /var/lib/texmf/fonts/map/pdftex/updmap/pdftex.map): inv
alid entry for `ushuo13': too big value of ExtendFont (2)

Warning: pdflatex (file /var/lib/texmf/fonts/map/pdftex/updmap/pdftex.map): inv
alid entry for `ushuo14': too big value of ExtendFont (2)

Warning: pdflatex (file /var/lib/texmf/fonts/map/pdftex/updmap/pdftex.map): inv
alid entry for `ushuo15': too big value of ExtendFont (2)

Warning: pdflatex (file /var/lib/texmf/fonts/map/pdftex/updmap/pdftex.map): inv
alid entry for `ushuo20': too big value of ExtendFont (2)

Warning: pdflatex (file /var/lib/texmf/fonts/map/pdftex/updmap/pdftex.map): inv
alid entry for `ushuo21': too big value of ExtendFont (2)

Warning: pdflatex (file /var/lib/texmf/fonts/map/pdftex/updmap/pdftex.map): inv
alid entry for `ushuo22': too big value of ExtendFont (2)

Warning: pdflatex (file /var/lib/texmf/fonts/map/pdftex/updmap/pdftex.map): inv
alid entry for `ushuo23': too big value of ExtendFont (2)

Warning: pdflatex (file /var/lib/texmf/fonts/map/pdftex/updmap/pdftex.map): inv
alid entry for `ushuo24': too big value of ExtendFont (2)

Warning: pdflatex (file /var/lib/texmf/fonts/map/pdftex/updmap/pdftex.map): inv
alid entry for `ushuo25': too big value of ExtendFont (2)

Warning: pdflatex (file /var/lib/texmf/fonts/map/pdftex/updmap/pdftex.map): inv
alid entry for `ushuo26': too big value of ExtendFont (2)

Warning: pdflatex (file /var/lib/texmf/fonts/map/pdftex/updmap/pdftex.map): inv
alid entry for `ushuo27': too big value of ExtendFont (2)

Warning: pdflatex (file /var/lib/texmf/fonts/map/pdftex/updmap/pdftex.map): inv
alid entry for `ushuo28': too big value of ExtendFont (2)

Warning: pdflatex (file /var/lib/texmf/fonts/map/pdftex/updmap/pdftex.map): inv
alid entry for `ushuo29': too big value of ExtendFont (2)

Warning: pdflatex (file /var/lib/texmf/fonts/map/pdftex/updmap/pdftex.map): inv
alid entry for `ushuo30': too big value of ExtendFont (2)

Warning: pdflatex (file /var/lib/texmf/fonts/map/pdftex/updmap/pdftex.map): inv
alid entry for `ushuo31': too big value of ExtendFont (2)

Warning: pdflatex (file /var/lib/texmf/fonts/map/pdftex/updmap/pdftex.map): inv
alid entry for `ushuo32': too big value of ExtendFont (2)

Warning: pdflatex (file /var/lib/texmf/fonts/map/pdftex/updmap/pdftex.map): inv
alid entry for `ushuo33': too big value of ExtendFont (2)

Warning: pdflatex (file /var/lib/texmf/fonts/map/pdftex/updmap/pdftex.map): inv
alid entry for `ushuo34': too big value of ExtendFont (2)

Warning: pdflatex (file /var/lib/texmf/fonts/map/pdftex/updmap/pdftex.map): inv
alid entry for `ushuo35': too big value of ExtendFont (2)

Warning: pdflatex (file /var/lib/texmf/fonts/map/pdftex/updmap/pdftex.map): inv
alid entry for `ushuo36': too big value of ExtendFont (2)

Warning: pdflatex (file /var/lib/texmf/fonts/map/pdftex/updmap/pdftex.map): inv
alid entry for `ushuo37': too big value of ExtendFont (2)

Warning: pdflatex (file /var/lib/texmf/fonts/map/pdftex/updmap/pdftex.map): inv
alid entry for `ushuo38': too big value of ExtendFont (2)

Warning: pdflatex (file /var/lib/texmf/fonts/map/pdftex/updmap/pdftex.map): inv
alid entry for `uttu00': too big value of ExtendFont (2)

Warning: pdflatex (file /var/lib/texmf/fonts/map/pdftex/updmap/pdftex.map): inv
alid entry for `uttu10': too big value of ExtendFont (2)

Warning: pdflatex (file /var/lib/texmf/fonts/map/pdftex/updmap/pdftex.map): inv
alid entry for `uttuo00': too big value of ExtendFont (2)

Warning: pdflatex (file /var/lib/texmf/fonts/map/pdftex/updmap/pdftex.map): inv
alid entry for `uttuo10': too big value of ExtendFont (2)

Warning: pdflatex (file /var/lib/texmf/fonts/map/pdftex/updmap/pdftex.map): inv
alid entry for `uytu02': too big value of ExtendFont (2)

Warning: pdflatex (file /var/lib/texmf/fonts/map/pdftex/updmap/pdftex.map): inv
alid entry for `uytu05': too big value of ExtendFont (2)

Warning: pdflatex (file /var/lib/texmf/fonts/map/pdftex/updmap/pdftex.map): inv
alid entry for `uytu10': too big value of ExtendFont (2)

Warning: pdflatex (file /var/lib/texmf/fonts/map/pdftex/updmap/pdftex.map): inv
alid entry for `uytu11': too big value of ExtendFont (2)

Warning: pdflatex (file /var/lib/texmf/fonts/map/pdftex/updmap/pdftex.map): inv
alid entry for `uytu12': too big value of ExtendFont (2)

Warning: pdflatex (file /var/lib/texmf/fonts/map/pdftex/updmap/pdftex.map): inv
alid entry for `uytu13': too big value of ExtendFont (2)

Warning: pdflatex (file /var/lib/texmf/fonts/map/pdftex/updmap/pdftex.map): inv
alid entry for `uytu14': too big value of ExtendFont (2)

Warning: pdflatex (file /var/lib/texmf/fonts/map/pdftex/updmap/pdftex.map): inv
alid entry for `uytu15': too big value of ExtendFont (2)

Warning: pdflatex (file /var/lib/texmf/fonts/map/pdftex/updmap/pdftex.map): inv
alid entry for `uytu20': too big value of ExtendFont (2)

Warning: pdflatex (file /var/lib/texmf/fonts/map/pdftex/updmap/pdftex.map): inv
alid entry for `uytu21': too big value of ExtendFont (2)

Warning: pdflatex (file /var/lib/texmf/fonts/map/pdftex/updmap/pdftex.map): inv
alid entry for `uytu22': too big value of ExtendFont (2)

Warning: pdflatex (file /var/lib/texmf/fonts/map/pdftex/updmap/pdftex.map): inv
alid entry for `uytu23': too big value of ExtendFont (2)

Warning: pdflatex (file /var/lib/texmf/fonts/map/pdftex/updmap/pdftex.map): inv
alid entry for `uytu24': too big value of ExtendFont (2)

Warning: pdflatex (file /var/lib/texmf/fonts/map/pdftex/updmap/pdftex.map): inv
alid entry for `uytu25': too big value of ExtendFont (2)

Warning: pdflatex (file /var/lib/texmf/fonts/map/pdftex/updmap/pdftex.map): inv
alid entry for `uytu26': too big value of ExtendFont (2)

Warning: pdflatex (file /var/lib/texmf/fonts/map/pdftex/updmap/pdftex.map): inv
alid entry for `uytu27': too big value of ExtendFont (2)

Warning: pdflatex (file /var/lib/texmf/fonts/map/pdftex/updmap/pdftex.map): inv
alid entry for `uytu28': too big value of ExtendFont (2)

Warning: pdflatex (file /var/lib/texmf/fonts/map/pdftex/updmap/pdftex.map): inv
alid entry for `uytu29': too big value of ExtendFont (2)

Warning: pdflatex (file /var/lib/texmf/fonts/map/pdftex/updmap/pdftex.map): inv
alid entry for `uytu30': too big value of ExtendFont (2)

Warning: pdflatex (file /var/lib/texmf/fonts/map/pdftex/updmap/pdftex.map): inv
alid entry for `uytu31': too big value of ExtendFont (2)

Warning: pdflatex (file /var/lib/texmf/fonts/map/pdftex/updmap/pdftex.map): inv
alid entry for `uytu32': too big value of ExtendFont (2)

Warning: pdflatex (file /var/lib/texmf/fonts/map/pdftex/updmap/pdftex.map): inv
alid entry for `uytu33': too big value of ExtendFont (2)

Warning: pdflatex (file /var/lib/texmf/fonts/map/pdftex/updmap/pdftex.map): inv
alid entry for `uytu34': too big value of ExtendFont (2)

Warning: pdflatex (file /var/lib/texmf/fonts/map/pdftex/updmap/pdftex.map): inv
alid entry for `uytu35': too big value of ExtendFont (2)

Warning: pdflatex (file /var/lib/texmf/fonts/map/pdftex/updmap/pdftex.map): inv
alid entry for `uytu36': too big value of ExtendFont (2)

Warning: pdflatex (file /var/lib/texmf/fonts/map/pdftex/updmap/pdftex.map): inv
alid entry for `uytu37': too big value of ExtendFont (2)

Warning: pdflatex (file /var/lib/texmf/fonts/map/pdftex/updmap/pdftex.map): inv
alid entry for `uytu38': too big value of ExtendFont (2)

Warning: pdflatex (file /var/lib/texmf/fonts/map/pdftex/updmap/pdftex.map): inv
alid entry for `uytuo02': too big value of ExtendFont (2)

Warning: pdflatex (file /var/lib/texmf/fonts/map/pdftex/updmap/pdftex.map): inv
alid entry for `uytuo05': too big value of ExtendFont (2)

Warning: pdflatex (file /var/lib/texmf/fonts/map/pdftex/updmap/pdftex.map): inv
alid entry for `uytuo10': too big value of ExtendFont (2)

Warning: pdflatex (file /var/lib/texmf/fonts/map/pdftex/updmap/pdftex.map): inv
alid entry for `uytuo11': too big value of ExtendFont (2)

Warning: pdflatex (file /var/lib/texmf/fonts/map/pdftex/updmap/pdftex.map): inv
alid entry for `uytuo12': too big value of ExtendFont (2)

Warning: pdflatex (file /var/lib/texmf/fonts/map/pdftex/updmap/pdftex.map): inv
alid entry for `uytuo13': too big value of ExtendFont (2)

Warning: pdflatex (file /var/lib/texmf/fonts/map/pdftex/updmap/pdftex.map): inv
alid entry for `uytuo14': too big value of ExtendFont (2)

Warning: pdflatex (file /var/lib/texmf/fonts/map/pdftex/updmap/pdftex.map): inv
alid entry for `uytuo15': too big value of ExtendFont (2)

Warning: pdflatex (file /var/lib/texmf/fonts/map/pdftex/updmap/pdftex.map): inv
alid entry for `uytuo20': too big value of ExtendFont (2)

Warning: pdflatex (file /var/lib/texmf/fonts/map/pdftex/updmap/pdftex.map): inv
alid entry for `uytuo21': too big value of ExtendFont (2)

Warning: pdflatex (file /var/lib/texmf/fonts/map/pdftex/updmap/pdftex.map): inv
alid entry for `uytuo22': too big value of ExtendFont (2)

Warning: pdflatex (file /var/lib/texmf/fonts/map/pdftex/updmap/pdftex.map): inv
alid entry for `uytuo23': too big value of ExtendFont (2)

Warning: pdflatex (file /var/lib/texmf/fonts/map/pdftex/updmap/pdftex.map): inv
alid entry for `uytuo24': too big value of ExtendFont (2)

Warning: pdflatex (file /var/lib/texmf/fonts/map/pdftex/updmap/pdftex.map): inv
alid entry for `uytuo25': too big value of ExtendFont (2)

Warning: pdflatex (file /var/lib/texmf/fonts/map/pdftex/updmap/pdftex.map): inv
alid entry for `uytuo26': too big value of ExtendFont (2)

Warning: pdflatex (file /var/lib/texmf/fonts/map/pdftex/updmap/pdftex.map): inv
alid entry for `uytuo27': too big value of ExtendFont (2)

Warning: pdflatex (file /var/lib/texmf/fonts/map/pdftex/updmap/pdftex.map): inv
alid entry for `uytuo28': too big value of ExtendFont (2)

Warning: pdflatex (file /var/lib/texmf/fonts/map/pdftex/updmap/pdftex.map): inv
alid entry for `uytuo29': too big value of ExtendFont (2)

Warning: pdflatex (file /var/lib/texmf/fonts/map/pdftex/updmap/pdftex.map): inv
alid entry for `uytuo30': too big value of ExtendFont (2)

Warning: pdflatex (file /var/lib/texmf/fonts/map/pdftex/updmap/pdftex.map): inv
alid entry for `uytuo31': too big value of ExtendFont (2)

Warning: pdflatex (file /var/lib/texmf/fonts/map/pdftex/updmap/pdftex.map): inv
alid entry for `uytuo32': too big value of ExtendFont (2)

Warning: pdflatex (file /var/lib/texmf/fonts/map/pdftex/updmap/pdftex.map): inv
alid entry for `uytuo33': too big value of ExtendFont (2)

Warning: pdflatex (file /var/lib/texmf/fonts/map/pdftex/updmap/pdftex.map): inv
alid entry for `uytuo34': too big value of ExtendFont (2)

Warning: pdflatex (file /var/lib/texmf/fonts/map/pdftex/updmap/pdftex.map): inv
alid entry for `uytuo35': too big value of ExtendFont (2)

Warning: pdflatex (file /var/lib/texmf/fonts/map/pdftex/updmap/pdftex.map): inv
alid entry for `uytuo36': too big value of ExtendFont (2)

Warning: pdflatex (file /var/lib/texmf/fonts/map/pdftex/updmap/pdftex.map): inv
alid entry for `uytuo37': too big value of ExtendFont (2)

Warning: pdflatex (file /var/lib/texmf/fonts/map/pdftex/updmap/pdftex.map): inv
alid entry for `uytuo38': too big value of ExtendFont (2)
}]
Overfull \hbox (37.16461pt too wide) in paragraph at lines 61--74
\OT1/cmr/m/n/10 has greatly evolved in the past years [[]] [[]]
 []


Overfull \hbox (29.44244pt too wide) in paragraph at lines 61--74
\OT1/cmr/m/n/10 [[]]
 []


Overfull \hbox (55.24811pt too wide) in paragraph at lines 61--74
\OT1/cmr/m/n/10 [[]]
 []


Overfull \hbox (61.60915pt too wide) in paragraph at lines 61--74
\OT1/cmr/m/n/10 [[]]
 []


Overfull \hbox (5.01184pt too wide) in paragraph at lines 61--74
\OT1/cmr/m/n/10 [[]] [[]]
 []


Overfull \hbox (12.62764pt too wide) in paragraph at lines 61--74
\OT1/cmr/m/n/10 [[]]. This
 []


Overfull \hbox (42.7758pt too wide) in paragraph at lines 61--74
\OT1/cmr/m/n/10 in [[]]. 
 []

[2]
Overfull \hbox (42.89648pt too wide) in paragraph at lines 112--112
[]\OT1/cmtt/m/n/10 > plot(amounts)                     # Produces Scatterplotma
trix in log-scale[] 
 []

[3]
Overfull \hbox (84.05356pt too wide) in paragraph at lines 175--178
\OT1/cmr/m/n/10 Ellipses and straight lines are drawn here in Aitchi-son ge-om-
e-try [[]].
 []


Overfull \hbox (11.39676pt too wide) in paragraph at lines 198--198
[]\OT1/cmtt/m/n/10 pie(mean(dat))            # Only one composition at a time c
an be drawn[] 
 []

[4]
Overfull \hbox (0.89685pt too wide) in paragraph at lines 232--232
[]\OT1/cmtt/m/n/10 var(dat)              # variance in the clr-euclidean space 
structure[] 
 []


Overfull \hbox (0.89685pt too wide) in paragraph at lines 232--232
[]\OT1/cmtt/m/n/10 variation(dat)        # the variation matrix (i.e. var(log(x
_i/x_j)))[] 
 []


Overfull \hbox (4.44241pt too wide) in paragraph at lines 233--256
\OT1/cmr/m/n/10 [[]]
 []

[5]
Overfull \hbox (58.64635pt too wide) in paragraph at lines 285--285
[] \OT1/cmtt/m/n/10 [1] 1 1 1 1 1 1 1 1 1 1 1 1 1 1 1 1 1 1 1 1 1 1 1 1 1 1 1 1
 1 1 1 1 1 1 1 1 1 1[] 
 []


Overfull \hbox (27.14662pt too wide) in paragraph at lines 285--285
[] \OT1/cmtt/m/n/10 [1]  89.86653  51.27057  54.28445  18.31066  31.19352  21.8
2243  39.43808[] 
 []


Overfull \hbox (27.14662pt too wide) in paragraph at lines 309--309
[] \OT1/cmtt/m/n/10 [1]  89.86653  51.27057  54.28445  18.31066  31.19352  21.8
2243  39.43808[] 
 []

[6]
Overfull \hbox (58.64635pt too wide) in paragraph at lines 374--374
[]\OT1/cmtt/m/n/10 > groupparts(rcomp(dat5),Cparts=c("Cu","Cd","Co"),Zparts=c("
Zn"),Pparts=c("Pb"))[] 
 []


Overfull \hbox (21.89667pt too wide) in paragraph at lines 382--382
[]\OT1/cmtt/m/n/10 > groupparts(dat5,Cparts=c("Cu","Cd","Co"),Zparts=c("Zn"),Pp
arts=c("Pb"))[] 
 []


Overfull \hbox (40.33134pt too wide) in paragraph at lines 383--391
\OT1/cmr/m/n/10 ap-proach is sim-pli-fi-ca-tion of the ap-proach in [[]],
 []


Overfull \hbox (11.09508pt too wide) in paragraph at lines 395--402
\OT1/cmr/m/n/10 for-ma-tions de-fined for the Aitchi-son sim-plex \OT1/cmtt/m/n
/10 alr \OT1/cmr/m/n/10 (ad-di-tive log ration)[[]],
 []


Overfull \hbox (339.72046pt too wide) in paragraph at lines 395--402
\OT1/cmtt/m/n/10 clr \OT1/cmr/m/n/10 (cen-tered log ratio)[[]] and \OT1/cmtt/m/
n/10 ilr \OT1/cmr/m/n/10 (iso-met-ric log ra-tio) [[]].
 []

[7] [8]
LaTeX Font Info:    External font `cmex10' loaded for size
(Font)              <7> on input line 471.
LaTeX Font Info:    External font `cmex10' loaded for size
(Font)              <5> on input line 471.

Overfull \hbox (107.33151pt too wide) in paragraph at lines 477--484
\OT1/cmr/m/n/10 space[[]] [[]],
 []


Overfull \hbox (7.2202pt too wide) in paragraph at lines 490--493
\OT1/cmr/m/n/10 [[]]. 
 []

[9]
Overfull \hbox (207.665pt too wide) in paragraph at lines 530--534
\OT1/cmr/m/n/10 are equipped with a scalar prod-uct and a norm [[]],
 []


Overfull \hbox (37.64653pt too wide) in paragraph at lines 551--551
[] \OT1/cmtt/m/n/10 [1]  1.57164217  8.79155615  6.15968662  0.70970049  3.0265
4905  0.68458123[] 
 []


Overfull \hbox (37.64653pt too wide) in paragraph at lines 551--551
[] \OT1/cmtt/m/n/10 [1]  1.57164217  8.79155615  6.15968662  0.70970049  3.0265
4905  0.68458123[] 
 []


Overfull \hbox (48.44244pt too wide) in paragraph at lines 581--586
\OT1/cmr/m/n/10 The cen-tral idea of the pack-age -- fol-low-ing the co-or-di-n
ate ap-proach of [[]]
 []

[10] [11]
Overfull \hbox (81.47482pt too wide) in paragraph at lines 641--645
\OT1/cmr/m/n/10 now. How-ever ref-er-ences are [[]], [[]],
 []


Overfull \hbox (0.89685pt too wide) in paragraph at lines 657--657
[]\OT1/cmtt/m/n/10 # The other distance types '"euclidean"', '"maximum"', '"man
hattan"',[] 
 []


Overfull \hbox (53.3964pt too wide) in paragraph at lines 711--711
[]\OT1/cmtt/m/n/10 discr <- lda(traingroups~.,data=idt(acomp(trainset,c("clay",
"sand","gravel"))))[] 
 []


Overfull \hbox (121.6458pt too wide) in paragraph at lines 711--711
[]\OT1/cmtt/m/n/10 table(testgroups,predict(discr,newdata=idt(acomp(testset,c("
clay","sand","gravel"))))$class)[] 
 []

[12]
Overfull \hbox (32.39658pt too wide) in paragraph at lines 711--711
[]\OT1/cmtt/m/n/10 barplot(ilr.inv(t(discr$scaling))) # Visualise the discrimin
ation functions[] 
 []


Overfull \hbox (174.14534pt too wide) in paragraph at lines 711--711
[]\OT1/cmtt/m/n/10 plot(acomp(sa.groups),col=predict(discr,idt(acomp(sa.groups,
c("clay","sand","gravel"))))$class,pch=20)[] 
 []


Overfull \hbox (53.3964pt too wide) in paragraph at lines 711--711
[]\OT1/cmtt/m/n/10 discr <- qda(traingroups~.,data=idt(acomp(trainset,c("clay",
"sand","gravel"))))[] 
 []


Overfull \hbox (126.89575pt too wide) in paragraph at lines 711--711
[]\OT1/cmtt/m/n/10 table(testgroups, predict(discr,newdata=idt(acomp(testset,c(
"clay","sand","gravel"))))$class)[] 
 []


Overfull \hbox (174.14534pt too wide) in paragraph at lines 711--711
[]\OT1/cmtt/m/n/10 plot(acomp(sa.groups),col=predict(discr,idt(acomp(sa.groups,
c("clay","sand","gravel"))))$class,pch=20)[] 
 []


Overfull \hbox (53.3964pt too wide) in paragraph at lines 711--711
[]\OT1/cmtt/m/n/10 discr <- fda(traingroups~.,data=idt(acomp(trainset,c("clay",
"sand","gravel"))))[] 
 []


Overfull \hbox (53.3964pt too wide) in paragraph at lines 711--711
[]\OT1/cmtt/m/n/10 table(testgroups, predict(discr,idt(acomp(testset,c("clay","
sand","gravel")))))[] 
 []


Overfull \hbox (142.64561pt too wide) in paragraph at lines 711--711
[]\OT1/cmtt/m/n/10 plot(acomp(sa.groups),col=predict(discr,idt(acomp(sa.groups,
c("clay","sand","gravel")))),pch=20)[] 
 []

[13] [14]
Overfull \hbox (77.31645pt too wide) in paragraph at lines 806--810
\OT1/cmr/m/n/10 Without con-clu-sion, but open-ing to fur-ther steps like baryc
en-tric co-or-di-nates (\OT1/cmtt/m/n/10 endpointCoordinates\OT1/cmr/m/n/10 )
 []


Overfull \hbox (9.44241pt too wide) in paragraph at lines 852--858
[]
 []


Underfull \hbox (badness 1102) in paragraph at lines 860--864
[]\OT1/cmr/m/n/10 Billheimer, D. and Gut-
 []


Overfull \hbox (35.24808pt too wide) in paragraph at lines 868--875
[]
 []

[15]
Overfull \hbox (41.60912pt too wide) in paragraph at lines 886--891
[]
 []


Overfull \hbox (28.08133pt too wide) in paragraph at lines 903--906
[]
 []

[16]
Underfull \hbox (badness 10000) in paragraph at lines 960--963
[]
 []

[17] (./UsingCompositions.aux) ) 
Here is how much of TeX's memory you used:
 300 strings out of 94499
 3303 string characters out of 1176746
 52348 words of memory out of 3500000
 3532 multiletter control sequences out of 10000+50000
 8708 words of font info for 31 fonts, out of 500000 for 2000
 580 hyphenation exceptions out of 1000
 24i,6n,19p,217b,241s stack positions out of 1500i,500n,5000p,200000b,5000s
PDF statistics:
 93 PDF objects out of 300000
 0 named destinations out of 131072
 1 words of extra memory for PDF output out of 65536
</usr/share/texmf/fonts/type1/bluesky/cm/cmr7.p
fb></usr/share/texmf/fonts/type1/bluesky/cm/cmex10.pfb></usr/share/texmf/fonts/
type1/bluesky/cm/cmmi7.pfb></usr/share/texmf/fonts/type1/bluesky/cm/cmmi10.pfb>
</usr/share/texmf/fonts/type1/bluesky/cm/cmti10.pfb></usr/share/texmf/fonts/typ
e1/bluesky/cm/cmsy10.pfb></usr/share/texmf/fonts/type1/bluesky/cm/cmtt10.pfb></
usr/share/texmf/fonts/type1/bluesky/cm/cmr10.pfb></usr/share/texmf/fonts/type1/
bluesky/cm/cmbx12.pfb></usr/share/texmf/fonts/type1/bluesky/cm/cmr9.pfb></usr/s
hare/texmf/fonts/type1/bluesky/cm/cmbx9.pfb></usr/share/texmf/fonts/type1/blues
ky/cm/cmr12.pfb></usr/share/texmf/fonts/type1/bluesky/cm/cmr17.pfb>
Output written on UsingCompositions.pdf (17 pages, 141475 bytes).
